[0mGET / [36m304[0m 47.477 ms - -[0m
[0mGET /css/layout.css [33m404[0m 11.401 ms - 153[0m
[0mGET /css/footer.css [33m404[0m 16.435 ms - 153[0m
[0mGET /css/header.css [33m404[0m 15.903 ms - 153[0m
[0mGET /css/home.css [33m404[0m 19.843 ms - 151[0m
[0mGET /css/chat_box.css [33m404[0m 20.902 ms - 155[0m
[0mGET /js/home_post_comments.js [33m404[0m 24.234 ms - 163[0m
[0mGET /js/home_posts.js [33m404[0m 9.008 ms - 155[0m
[0mGET /js/toggle_likes.js [33m404[0m 6.213 ms - 157[0m
[0mGET /js/chat_engine.js [33m404[0m 8.337 ms - 156[0m
[0mGET / [36m304[0m 15.224 ms - -[0m
[0mGET /css/layout.css [33m404[0m 9.185 ms - 153[0m
[0mGET /css/footer.css [33m404[0m 9.211 ms - 153[0m
[0mGET /css/header.css [33m404[0m 9.604 ms - 153[0m
[0mGET /css/home.css [33m404[0m 9.669 ms - 151[0m
[0mGET /css/chat_box.css [33m404[0m 14.865 ms - 155[0m
[0mGET /js/home_posts.js [33m404[0m 5.789 ms - 155[0m
[0mGET /js/home_post_comments.js [33m404[0m 14.824 ms - 163[0m
[0mGET /js/toggle_likes.js [33m404[0m 5.958 ms - 157[0m
[0mGET /js/chat_engine.js [33m404[0m 6.033 ms - 156[0m
[0mGET / [36m304[0m 14.843 ms - -[0m
[0mGET /css/layout.css [33m404[0m 8.311 ms - 153[0m
[0mGET /css/home.css [33m404[0m 12.384 ms - 151[0m
[0mGET /css/footer.css [33m404[0m 11.478 ms - 153[0m
[0mGET /css/header.css [33m404[0m 11.878 ms - 153[0m
[0mGET /js/home_post_comments.js [33m404[0m 8.883 ms - 163[0m
[0mGET /css/chat_box.css [33m404[0m 12.357 ms - 155[0m
[0mGET /js/toggle_likes.js [33m404[0m 8.395 ms - 157[0m
[0mGET /js/home_posts.js [33m404[0m 8.822 ms - 155[0m
[0mGET /js/chat_engine.js [33m404[0m 9.015 ms - 156[0m
[0mGET / [36m304[0m 14.714 ms - -[0m
[0mGET /css/layout.css [33m404[0m 5.609 ms - 153[0m
[0mGET /css/header.css [33m404[0m 5.176 ms - 153[0m
[0mGET /css/footer.css [33m404[0m 5.871 ms - 153[0m
[0mGET /css/chat_box.css [33m404[0m 7.125 ms - 155[0m
[0mGET /css/home.css [33m404[0m 5.946 ms - 151[0m
[0mGET /js/home_post_comments.js [33m404[0m 8.295 ms - 163[0m
[0mGET /js/toggle_likes.js [33m404[0m 9.927 ms - 157[0m
[0mGET /js/home_posts.js [33m404[0m 8.854 ms - 155[0m
[0mGET /js/chat_engine.js [33m404[0m 11.907 ms - 156[0m
[0mGET / [36m304[0m 43.695 ms - -[0m
[0mGET /css/layout.css [33m404[0m 8.764 ms - 153[0m
[0mGET /css/header.css [33m404[0m 10.688 ms - 153[0m
[0mGET /css/footer.css [33m404[0m 8.531 ms - 153[0m
[0mGET /css/home.css [33m404[0m 9.454 ms - 151[0m
[0mGET /css/chat_box.css [33m404[0m 10.468 ms - 155[0m
[0mGET /js/home_post_comments.js [33m404[0m 11.167 ms - 163[0m
[0mGET /js/home_posts.js [33m404[0m 3.149 ms - 155[0m
[0mGET /js/toggle_likes.js [33m404[0m 3.303 ms - 157[0m
[0mGET /js/chat_engine.js [33m404[0m 3.778 ms - 156[0m
[0mGET /js/home_posts.js [33m404[0m 2.589 ms - 155[0m
[0mGET /js/toggle_likes.js [33m404[0m 2.262 ms - 157[0m
[0mGET /js/chat_engine.js [33m404[0m 2.264 ms - 156[0m
[0mGET /css/layout.css [33m404[0m 6.382 ms - 153[0m
[0mGET /css/home.css [33m404[0m 8.658 ms - 151[0m
[0mGET /css/footer.css [33m404[0m 8.775 ms - 153[0m
[0mGET /css/header.css [33m404[0m 6.440 ms - 153[0m
[0mGET /css/chat_box.css [33m404[0m 8.144 ms - 155[0m
[0mGET / [36m304[0m 46.175 ms - -[0m
[0mGET /css/layout.css [33m404[0m 11.717 ms - 153[0m
[0mGET /css/footer.css [33m404[0m 17.979 ms - 153[0m
[0mGET /css/header.css [33m404[0m 14.558 ms - 153[0m
[0mGET /css/home.css [33m404[0m 21.585 ms - 151[0m
[0mGET /css/chat_box.css [33m404[0m 21.481 ms - 155[0m
[0mGET /js/toggle_likes.js [33m404[0m 8.918 ms - 157[0m
[0mGET /js/home_posts.js [33m404[0m 10.125 ms - 155[0m
[0mGET /js/home_post_comments.js [33m404[0m 31.570 ms - 163[0m
[0mGET /js/chat_engine.js [33m404[0m 15.711 ms - 156[0m
[0mGET /js/home_posts.js [33m404[0m 4.525 ms - 155[0m
[0mGET /js/toggle_likes.js [33m404[0m 3.030 ms - 157[0m
[0mGET /js/chat_engine.js [33m404[0m 2.975 ms - 156[0m
[0mGET / [36m304[0m 47.160 ms - -[0m
[0mGET / [36m304[0m 51.826 ms - -[0m
[0mGET / [36m304[0m 46.231 ms - -[0m
[0mGET /css/header.css [33m404[0m 19.587 ms - 153[0m
[0mGET /css/layout.css [33m404[0m 21.029 ms - 153[0m
[0mGET /css/home.css [33m404[0m 24.517 ms - 151[0m
[0mGET /css/chat_box.css [33m404[0m 25.269 ms - 155[0m
[0mGET /css/footer.css [33m404[0m 25.431 ms - 153[0m
[0mGET /js/toggle_likes.js [33m404[0m 10.773 ms - 157[0m
[0mGET /js/home_post_comments.js [33m404[0m 30.447 ms - 163[0m
[0mGET /js/home_posts.js [33m404[0m 10.385 ms - 155[0m
[0mGET /js/chat_engine.js [33m404[0m 8.556 ms - 156[0m
[0mGET /js/home_posts.js [33m404[0m 2.336 ms - 155[0m
[0mGET /js/toggle_likes.js [33m404[0m 2.366 ms - 157[0m
[0mGET /js/chat_engine.js [33m404[0m 3.747 ms - 156[0m
[0mGET / [36m304[0m 46.197 ms - -[0m
[0mGET / [36m304[0m 54.085 ms - -[0m
[0mGET /css/header.css [33m404[0m 13.973 ms - 153[0m
[0mGET /css/layout.css [33m404[0m 15.417 ms - 153[0m
[0mGET /css/chat_box.css [33m404[0m 26.834 ms - 155[0m
[0mGET /css/home.css [33m404[0m 26.727 ms - 151[0m
[0mGET /css/footer.css [33m404[0m 27.032 ms - 153[0m
[0mGET /js/chat_engine.js [33m404[0m 2.688 ms - 156[0m
[0mGET /js/home_post_comments.js [33m404[0m 44.448 ms - 163[0m
[0mGET /js/home_posts.js [33m404[0m 27.773 ms - 155[0m
[0mGET /js/toggle_likes.js [33m404[0m 29.097 ms - 157[0m
[0mGET /js/home_posts.js [33m404[0m 2.261 ms - 155[0m
[0mGET /js/toggle_likes.js [33m404[0m 2.430 ms - 157[0m
[0mGET /js/chat_engine.js [33m404[0m 3.495 ms - 156[0m
[0mGET / [32m200[0m 33.666 ms - 8581[0m
[0mGET /css/layout.css [33m404[0m 9.954 ms - 153[0m
[0mGET /css/header.css [33m404[0m 11.525 ms - 153[0m
[0mGET /css/chat_box.css [33m404[0m 16.437 ms - 155[0m
[0mGET /css/footer.css [33m404[0m 13.034 ms - 153[0m
[0mGET /css/home.css [33m404[0m 16.177 ms - 151[0m
[0mGET /js/home_post_comments.js [33m404[0m 13.993 ms - 163[0m
[0mGET /js/toggle_likes.js [33m404[0m 2.989 ms - 157[0m
[0mGET /js/home_posts.js [33m404[0m 3.113 ms - 155[0m
[0mGET /js/chat_engine.js [33m404[0m 3.879 ms - 156[0m
[0mGET / [36m304[0m 48.709 ms - -[0m
[0mGET /css/layout.css [33m404[0m 6.197 ms - 153[0m
[0mGET /css/header.css [33m404[0m 10.618 ms - 153[0m
[0mGET /css/footer.css [33m404[0m 12.240 ms - 153[0m
[0mGET /js/home_posts.js [33m404[0m 5.513 ms - 155[0m
[0mGET /js/home_post_comments.js [33m404[0m 17.986 ms - 163[0m
[0mGET /css/home.css [33m404[0m 15.715 ms - 151[0m
[0mGET /css/chat_box.css [33m404[0m 18.974 ms - 155[0m
[0mGET /js/toggle_likes.js [33m404[0m 8.480 ms - 157[0m
[0mGET /js/chat_engine.js [33m404[0m 7.632 ms - 156[0m
[0mGET /js/home_posts.js [33m404[0m 1.247 ms - 155[0m
[0mGET /js/toggle_likes.js [33m404[0m 1.520 ms - 157[0m
[0mGET /js/chat_engine.js [33m404[0m 1.738 ms - 156[0m
[0mGET / [36m304[0m 38.147 ms - -[0m
[0mGET /css/layout.css [33m404[0m 8.268 ms - 153[0m
[0mGET /css/header.css [33m404[0m 10.388 ms - 153[0m
[0mGET /css/footer.css [33m404[0m 13.165 ms - 153[0m
[0mGET /css/home.css [33m404[0m 14.361 ms - 151[0m
[0mGET /css/chat_box.css [33m404[0m 16.630 ms - 155[0m
[0mGET /js/home_post_comments.js [33m404[0m 21.787 ms - 163[0m
[0mGET /js/home_posts.js [33m404[0m 12.526 ms - 155[0m
[0mGET /js/toggle_likes.js [33m404[0m 10.543 ms - 157[0m
[0mGET /js/chat_engine.js [33m404[0m 8.932 ms - 156[0m
[0mGET / [36m304[0m 34.848 ms - -[0m
[0mGET / [36m304[0m 52.844 ms - -[0m
[0mGET /css/layout.css [33m404[0m 7.039 ms - 153[0m
[0mGET /css/header.css [33m404[0m 10.239 ms - 153[0m
[0mGET /css/footer.css [33m404[0m 9.470 ms - 153[0m
[0mGET /css/chat_box.css [33m404[0m 14.682 ms - 155[0m
[0mGET /css/home.css [33m404[0m 12.612 ms - 151[0m
[0mGET /js/home_post_comments.js [33m404[0m 13.598 ms - 163[0m
[0mGET /js/home_posts.js [33m404[0m 7.811 ms - 155[0m
[0mGET /js/toggle_likes.js [33m404[0m 6.646 ms - 157[0m
[0mGET /js/chat_engine.js [33m404[0m 1.993 ms - 156[0m
[0mGET / [36m304[0m 12.791 ms - -[0m
[0mGET /css/footer.css [33m404[0m 4.590 ms - 153[0m
[0mGET /css/home.css [33m404[0m 6.693 ms - 151[0m
[0mGET /css/header.css [33m404[0m 4.992 ms - 153[0m
[0mGET /css/layout.css [33m404[0m 5.041 ms - 153[0m
[0mGET /css/chat_box.css [33m404[0m 6.409 ms - 155[0m
[0mGET /js/home_post_comments.js [33m404[0m 6.656 ms - 163[0m
[0mGET /js/toggle_likes.js [33m404[0m 1.794 ms - 157[0m
[0mGET /js/chat_engine.js [33m404[0m 3.652 ms - 156[0m
[0mGET /js/home_posts.js [33m404[0m 3.161 ms - 155[0m
[0mGET /js/toggle_likes.js [33m404[0m 2.214 ms - 157[0m
[0mGET /js/chat_engine.js [33m404[0m 3.726 ms - 156[0m
[0mGET / [36m304[0m 38.251 ms - -[0m
[0mGET /css/layout.css [33m404[0m 8.126 ms - 153[0m
[0mGET /css/header.css [33m404[0m 12.438 ms - 153[0m
[0mGET /css/footer.css [33m404[0m 10.673 ms - 153[0m
[0mGET /css/chat_box.css [33m404[0m 15.733 ms - 155[0m
[0mGET /css/home.css [33m404[0m 14.049 ms - 151[0m
[0mGET /js/toggle_likes.js [33m404[0m 4.640 ms - 157[0m
[0mGET /js/home_posts.js [33m404[0m 6.000 ms - 155[0m
[0mGET /js/home_post_comments.js [33m404[0m 15.775 ms - 163[0m
[0mGET /js/chat_engine.js [33m404[0m 3.216 ms - 156[0m
[0mGET / [32m200[0m 40.126 ms - 8578[0m
[0mGET /css/layout.css [33m404[0m 8.170 ms - 153[0m
[0mGET /css/header.css [33m404[0m 9.375 ms - 153[0m
[0mGET /css/footer.css [33m404[0m 14.700 ms - 153[0m
[0mGET /css/home.css [33m404[0m 20.818 ms - 151[0m
[0mGET /css/chat_box.css [33m404[0m 29.089 ms - 155[0m
[0mGET /js/toggle_likes.js [33m404[0m 4.872 ms - 157[0m
[0mGET /js/home_posts.js [33m404[0m 9.261 ms - 155[0m
[0mGET /js/home_post_comments.js [33m404[0m 29.117 ms - 163[0m
[0mGET /js/chat_engine.js [33m404[0m 4.369 ms - 156[0m
[0mGET /js/home_posts.js [33m404[0m 2.288 ms - 155[0m
[0mGET /js/toggle_likes.js [33m404[0m 1.680 ms - 157[0m
[0mGET /js/chat_engine.js [33m404[0m 1.595 ms - 156[0m
[0mGET / [36m304[0m 14.999 ms - -[0m
[0mGET /css/header.css [33m404[0m 5.655 ms - 153[0m
[0mGET /css/layout.css [33m404[0m 6.105 ms - 153[0m
[0mGET /css/footer.css [33m404[0m 5.612 ms - 153[0m
[0mGET /css/home.css [33m404[0m 5.833 ms - 151[0m
[0mGET /css/chat_box.css [33m404[0m 8.056 ms - 155[0m
[0mGET /js/home_post_comments.js [33m404[0m 5.482 ms - 163[0m
[0mGET /js/home_posts.js [33m404[0m 4.066 ms - 155[0m
[0mGET /js/chat_engine.js [33m404[0m 3.811 ms - 156[0m
[0mGET /js/toggle_likes.js [33m404[0m 4.603 ms - 157[0m
[0mGET /js/chat_engine.js [33m404[0m 1.557 ms - 156[0m
[0mGET / [36m304[0m 38.639 ms - -[0m
[0mGET /css/layout.css [33m404[0m 8.261 ms - 153[0m
[0mGET /css/header.css [33m404[0m 13.872 ms - 153[0m
[0mGET /css/home.css [33m404[0m 13.150 ms - 151[0m
[0mGET /css/footer.css [33m404[0m 11.195 ms - 153[0m
[0mGET /js/home_post_comments.js [33m404[0m 13.319 ms - 163[0m
[0mGET /css/chat_box.css [33m404[0m 13.217 ms - 155[0m
[0mGET /js/toggle_likes.js [33m404[0m 5.798 ms - 157[0m
[0mGET /js/home_posts.js [33m404[0m 9.230 ms - 155[0m
[0mGET /js/chat_engine.js [33m404[0m 5.052 ms - 156[0m
[0mGET / [36m304[0m 35.803 ms - -[0m
[0mGET /css/layout.css [33m404[0m 7.365 ms - 153[0m
[0mGET /css/header.css [33m404[0m 11.928 ms - 153[0m
[0mGET /css/footer.css [33m404[0m 9.933 ms - 153[0m
[0mGET /css/home.css [33m404[0m 12.644 ms - 151[0m
[0mGET /css/chat_box.css [33m404[0m 12.325 ms - 155[0m
[0mGET /js/home_posts.js [33m404[0m 6.331 ms - 155[0m
[0mGET /js/home_post_comments.js [33m404[0m 14.945 ms - 163[0m
[0mGET /js/toggle_likes.js [33m404[0m 5.440 ms - 157[0m
[0mGET /js/chat_engine.js [33m404[0m 4.805 ms - 156[0m
[0mGET / [36m304[0m 46.852 ms - -[0m
[0mGET /css/layout.css [33m404[0m 16.277 ms - 153[0m
[0mGET /css/header.css [33m404[0m 20.436 ms - 153[0m
[0mGET /css/footer.css [33m404[0m 14.913 ms - 153[0m
[0mGET /css/home.css [33m404[0m 16.576 ms - 151[0m
[0mGET /css/chat_box.css [33m404[0m 19.353 ms - 155[0m
[0mGET /js/toggle_likes.js [33m404[0m 8.169 ms - 157[0m
[0mGET /js/home_post_comments.js [33m404[0m 21.160 ms - 163[0m
[0mGET /js/home_posts.js [33m404[0m 13.255 ms - 155[0m
[0mGET /js/chat_engine.js [33m404[0m 8.643 ms - 156[0m
[0mGET /js/toggle_likes.js [33m404[0m 2.842 ms - 157[0m
[0mGET /js/chat_engine.js [33m404[0m 2.558 ms - 156[0m
[0mGET / [36m304[0m 41.807 ms - -[0m
[0mGET /css/layout.css [33m404[0m 5.126 ms - 153[0m
[0mGET /css/header.css [33m404[0m 6.703 ms - 153[0m
[0mGET /css/footer.css [33m404[0m 5.581 ms - 153[0m
[0mGET /css/home.css [33m404[0m 3.301 ms - 151[0m
[0mGET /css/chat_box.css [33m404[0m 3.066 ms - 155[0m
[0mGET /js/home_post_comments.js [33m404[0m 2.170 ms - 163[0m
[0mGET /js/home_posts.js [33m404[0m 2.129 ms - 155[0m
[0mGET /js/toggle_likes.js [33m404[0m 2.378 ms - 157[0m
[0mGET /js/chat_engine.js [33m404[0m 1.551 ms - 156[0m
[0mGET / [36m304[0m 12.271 ms - -[0m
[0mGET /css/footer.css [33m404[0m 8.616 ms - 153[0m
[0mGET /css/header.css [33m404[0m 14.090 ms - 153[0m
[0mGET /css/layout.css [33m404[0m 11.918 ms - 153[0m
[0mGET /css/chat_box.css [33m404[0m 13.883 ms - 155[0m
[0mGET /js/home_post_comments.js [33m404[0m 13.118 ms - 163[0m
[0mGET /css/home.css [33m404[0m 10.857 ms - 151[0m
[0mGET /js/home_posts.js [33m404[0m 2.760 ms - 155[0m
[0mGET /js/toggle_likes.js [33m404[0m 2.659 ms - 157[0m
[0mGET /js/chat_engine.js [33m404[0m 2.159 ms - 156[0m
[0mGET / [36m304[0m 9.665 ms - -[0m
[0mGET /css/header.css [33m404[0m 7.451 ms - 153[0m
[0mGET /css/chat_box.css [33m404[0m 6.520 ms - 155[0m
[0mGET /js/home_post_comments.js [33m404[0m 6.628 ms - 163[0m
[0mGET /css/layout.css [33m404[0m 4.155 ms - 153[0m
[0mGET /css/home.css [33m404[0m 6.029 ms - 151[0m
[0mGET /css/footer.css [33m404[0m 6.816 ms - 153[0m
[0mGET /js/home_posts.js [33m404[0m 2.881 ms - 155[0m
[0mGET /js/chat_engine.js [33m404[0m 3.229 ms - 156[0m
[0mGET /js/toggle_likes.js [33m404[0m 3.482 ms - 157[0m
[0mGET /js/chat_engine.js [33m404[0m 2.686 ms - 156[0m
[0mGET / [36m304[0m 37.365 ms - -[0m
[0mGET /css/layout.css [33m404[0m 7.444 ms - 153[0m
[0mGET /css/footer.css [33m404[0m 10.479 ms - 153[0m
[0mGET /css/home.css [33m404[0m 13.187 ms - 151[0m
[0mGET /css/header.css [33m404[0m 9.657 ms - 153[0m
[0mGET /css/chat_box.css [33m404[0m 13.306 ms - 155[0m
[0mGET /js/home_post_comments.js [33m404[0m 13.702 ms - 163[0m
[0mGET /js/home_posts.js [33m404[0m 6.414 ms - 155[0m
[0mGET /js/toggle_likes.js [33m404[0m 5.282 ms - 157[0m
[0mGET /js/chat_engine.js [33m404[0m 3.034 ms - 156[0m
[0mGET / [36m304[0m 39.008 ms - -[0m
[0mGET /css/layout.css [33m404[0m 7.220 ms - 153[0m
[0mGET /css/header.css [33m404[0m 9.648 ms - 153[0m
[0mGET /css/footer.css [33m404[0m 14.409 ms - 153[0m
[0mGET /css/home.css [33m404[0m 17.383 ms - 151[0m
[0mGET /css/chat_box.css [33m404[0m 19.073 ms - 155[0m
[0mGET /js/home_post_comments.js [33m404[0m 23.355 ms - 163[0m
[0mGET /js/home_posts.js [33m404[0m 19.587 ms - 155[0m
[0mGET /js/toggle_likes.js [33m404[0m 14.131 ms - 157[0m
[0mGET /js/chat_engine.js [33m404[0m 11.811 ms - 156[0m
[0mGET / [36m304[0m 41.963 ms - -[0m
[0mGET /css/layout.css [33m404[0m 7.492 ms - 153[0m
[0mGET /css/header.css [33m404[0m 11.967 ms - 153[0m
[0mGET /css/footer.css [33m404[0m 15.168 ms - 153[0m
[0mGET /css/chat_box.css [33m404[0m 11.377 ms - 155[0m
[0mGET /js/home_post_comments.js [33m404[0m 11.516 ms - 163[0m
[0mGET /css/home.css [33m404[0m 12.430 ms - 151[0m
[0mGET /js/toggle_likes.js [33m404[0m 4.831 ms - 157[0m
[0mGET /js/home_posts.js [33m404[0m 7.384 ms - 155[0m
[0mGET /js/chat_engine.js [33m404[0m 4.155 ms - 156[0m
[0mGET / [36m304[0m 39.788 ms - -[0m
[0mGET /css/layout.css [33m404[0m 6.921 ms - 153[0m
[0mGET /css/header.css [33m404[0m 13.607 ms - 153[0m
[0mGET /css/footer.css [33m404[0m 17.272 ms - 153[0m
[0mGET /css/home.css [33m404[0m 23.240 ms - 151[0m
[0mGET /css/chat_box.css [33m404[0m 25.475 ms - 155[0m
[0mGET /js/home_post_comments.js [33m404[0m 24.629 ms - 163[0m
[0mGET /js/toggle_likes.js [33m404[0m 5.164 ms - 157[0m
[0mGET /js/home_posts.js [33m404[0m 10.553 ms - 155[0m
[0mGET /js/chat_engine.js [33m404[0m 4.663 ms - 156[0m
[0mGET / [36m304[0m 39.330 ms - -[0m
[0mGET /css/layout.css [33m404[0m 8.088 ms - 153[0m
[0mGET /css/header.css [33m404[0m 14.283 ms - 153[0m
[0mGET /css/home.css [33m404[0m 14.620 ms - 151[0m
[0mGET /css/footer.css [33m404[0m 14.481 ms - 153[0m
[0mGET /css/chat_box.css [33m404[0m 17.530 ms - 155[0m
[0mGET /js/home_post_comments.js [33m404[0m 16.714 ms - 163[0m
[0mGET /js/home_posts.js [33m404[0m 7.370 ms - 155[0m
[0mGET /js/toggle_likes.js [33m404[0m 7.831 ms - 157[0m
[0mGET /js/chat_engine.js [33m404[0m 3.650 ms - 156[0m
[0mGET / [36m304[0m 12.773 ms - -[0m
[0mGET /css/header.css [33m404[0m 4.884 ms - 153[0m
[0mGET /js/home_post_comments.js [33m404[0m 4.313 ms - 163[0m
[0mGET /css/home.css [33m404[0m 3.830 ms - 151[0m
[0mGET /css/chat_box.css [33m404[0m 4.291 ms - 155[0m
[0mGET /css/footer.css [33m404[0m 4.529 ms - 153[0m
[0mGET /css/layout.css [33m404[0m 5.046 ms - 153[0m
[0mGET /js/chat_engine.js [33m404[0m 2.021 ms - 156[0m
[0mGET /js/home_posts.js [33m404[0m 2.383 ms - 155[0m
[0mGET /js/toggle_likes.js [33m404[0m 1.404 ms - 157[0m
[0mGET /js/toggle_likes.js [33m404[0m 3.747 ms - 157[0m
[0mGET /js/chat_engine.js [33m404[0m 1.734 ms - 156[0m
[0mGET / [36m304[0m 39.190 ms - -[0m
[0mGET /js/home_post_comments.js [33m404[0m 14.248 ms - 163[0m
[0mGET /js/home_posts.js [33m404[0m 5.404 ms - 155[0m
[0mGET /js/toggle_likes.js [33m404[0m 4.537 ms - 157[0m
[0mGET /js/chat_engine.js [33m404[0m 5.599 ms - 156[0m
[0mGET / [36m304[0m 15.744 ms - -[0m
[0mGET /js/home_post_comments.js [33m404[0m 7.263 ms - 163[0m
[0mGET /css/header.css [33m404[0m 11.202 ms - 153[0m
[0mGET /css/layout.css [33m404[0m 13.407 ms - 153[0m
[0mGET /css/chat_box.css [33m404[0m 11.984 ms - 155[0m
[0mGET /css/home.css [33m404[0m 14.890 ms - 151[0m
[0mGET /css/footer.css [33m404[0m 15.014 ms - 153[0m
[0mGET /js/home_posts.js [33m404[0m 8.564 ms - 155[0m
[0mGET /js/chat_engine.js [33m404[0m 8.687 ms - 156[0m
[0mGET /js/toggle_likes.js [33m404[0m 7.042 ms - 157[0m
[0mGET /js/home_post_comments.js [33m404[0m 3.698 ms - 163[0m
[0mGET /js/home_posts.js [33m404[0m 1.282 ms - 155[0m
[0mGET /js/toggle_likes.js [33m404[0m 1.902 ms - 157[0m
[0mGET /js/chat_engine.js [33m404[0m 1.470 ms - 156[0m
[0mGET / [36m304[0m 11.424 ms - -[0m
[0mGET /css/layout.css [33m404[0m 4.081 ms - 153[0m
[0mGET /js/home_post_comments.js [33m404[0m 2.588 ms - 163[0m
[0mGET /css/header.css [33m404[0m 4.884 ms - 153[0m
[0mGET /css/footer.css [33m404[0m 4.804 ms - 153[0m
[0mGET /css/home.css [33m404[0m 4.785 ms - 151[0m
[0mGET /css/chat_box.css [33m404[0m 3.974 ms - 155[0m
[0mGET /js/home_posts.js [33m404[0m 4.718 ms - 155[0m
[0mGET /js/toggle_likes.js [33m404[0m 5.034 ms - 157[0m
[0mGET /js/chat_engine.js [33m404[0m 2.823 ms - 156[0m
[0mGET / [36m304[0m 13.054 ms - -[0m
[0mGET /css/layout.css [33m404[0m 8.450 ms - 153[0m
[0mGET /js/home_post_comments.js [33m404[0m 6.893 ms - 163[0m
[0mGET /css/header.css [33m404[0m 5.502 ms - 153[0m
[0mGET /css/home.css [33m404[0m 6.808 ms - 151[0m
[0mGET /css/footer.css [33m404[0m 7.021 ms - 153[0m
[0mGET /css/chat_box.css [33m404[0m 5.446 ms - 155[0m
[0mGET /js/toggle_likes.js [33m404[0m 2.831 ms - 157[0m
[0mGET /js/home_posts.js [33m404[0m 4.174 ms - 155[0m
[0mGET /js/chat_engine.js [33m404[0m 2.888 ms - 156[0m
[0mGET /js/toggle_likes.js [33m404[0m 1.675 ms - 157[0m
[0mGET /js/chat_engine.js [33m404[0m 2.354 ms - 156[0m
[0mGET / [36m304[0m 10.118 ms - -[0m
[0mGET /css/chat_box.css [33m404[0m 10.736 ms - 155[0m
[0mGET /css/footer.css [33m404[0m 3.169 ms - 153[0m
[0mGET /css/header.css [33m404[0m 3.252 ms - 153[0m
[0mGET /css/layout.css [33m404[0m 3.603 ms - 153[0m
[0mGET /js/home_post_comments.js [33m404[0m 3.751 ms - 163[0m
[0mGET /css/home.css [33m404[0m 11.181 ms - 151[0m
[0mGET /js/home_posts.js [33m404[0m 4.469 ms - 155[0m
[0mGET /js/toggle_likes.js [33m404[0m 4.445 ms - 157[0m
[0mGET /js/chat_engine.js [33m404[0m 6.406 ms - 156[0m
[0mGET / [36m304[0m 38.936 ms - -[0m
[0mGET /js/home_post_comments.js [33m404[0m 11.424 ms - 163[0m
[0mGET /js/home_posts.js [33m404[0m 10.406 ms - 155[0m
[0mGET /js/chat_engine.js [33m404[0m 9.423 ms - 156[0m
[0mGET /js/toggle_likes.js [33m404[0m 9.335 ms - 157[0m
[0mGET /js/chat_engine.js [33m404[0m 2.165 ms - 156[0m
[0mGET / [36m304[0m 38.699 ms - -[0m
[0mGET /js/home_post_comments.js [33m404[0m 5.017 ms - 163[0m
[0mGET /js/home_posts.js [33m404[0m 8.737 ms - 155[0m
[0mGET /js/toggle_likes.js [33m404[0m 6.321 ms - 157[0m
[0mGET /js/chat_engine.js [33m404[0m 6.242 ms - 156[0m
[0mGET / [36m304[0m 15.893 ms - -[0m
[0mGET /css/layout.css [33m404[0m 4.943 ms - 153[0m
[0mGET /js/home_post_comments.js [33m404[0m 3.359 ms - 163[0m
[0mGET /css/header.css [33m404[0m 4.538 ms - 153[0m
[0mGET /css/footer.css [33m404[0m 4.598 ms - 153[0m
[0mGET /css/chat_box.css [33m404[0m 5.909 ms - 155[0m
[0mGET /css/home.css [33m404[0m 5.677 ms - 151[0m
[0mGET /js/home_posts.js [33m404[0m 6.543 ms - 155[0m
[0mGET /js/toggle_likes.js [33m404[0m 5.266 ms - 157[0m
[0mGET /js/chat_engine.js [33m404[0m 4.717 ms - 156[0m
[0mGET / [36m304[0m 11.125 ms - -[0m
[0mGET /css/header.css [33m404[0m 9.692 ms - 153[0m
[0mGET /css/footer.css [33m404[0m 7.895 ms - 153[0m
[0mGET /css/home.css [33m404[0m 6.910 ms - 151[0m
[0mGET /js/home_post_comments.js [33m404[0m 6.340 ms - 163[0m
[0mGET /css/layout.css [33m404[0m 4.982 ms - 153[0m
[0mGET /css/chat_box.css [33m404[0m 2.804 ms - 155[0m
[0mGET /js/toggle_likes.js [33m404[0m 10.954 ms - 157[0m
[0mGET /js/home_posts.js [33m404[0m 9.829 ms - 155[0m
[0mGET /js/chat_engine.js [33m404[0m 3.314 ms - 156[0m
[0mGET /js/chat_engine.js [33m404[0m 1.674 ms - 156[0m
[0mGET / [36m304[0m 10.074 ms - -[0m
[0mGET /css/header.css [33m404[0m 4.495 ms - 153[0m
[0mGET /css/layout.css [33m404[0m 4.914 ms - 153[0m
[0mGET /js/home_post_comments.js [33m404[0m 4.652 ms - 163[0m
[0mGET /css/footer.css [33m404[0m 4.346 ms - 153[0m
[0mGET /css/home.css [33m404[0m 4.752 ms - 151[0m
[0mGET /css/chat_box.css [33m404[0m 10.903 ms - 155[0m
[0mGET /js/home_posts.js [33m404[0m 7.290 ms - 155[0m
[0mGET /js/toggle_likes.js [33m404[0m 5.951 ms - 157[0m
[0mGET /js/chat_engine.js [33m404[0m 5.838 ms - 156[0m
[0mGET / [36m304[0m 39.227 ms - -[0m
[0mGET /js/home_post_comments.js [33m404[0m 4.315 ms - 163[0m
[0mGET /js/home_posts.js [33m404[0m 11.640 ms - 155[0m
[0mGET /js/toggle_likes.js [33m404[0m 5.931 ms - 157[0m
[0mGET /js/chat_engine.js [33m404[0m 9.388 ms - 156[0m
[0mGET / [36m304[0m 11.896 ms - -[0m
[0mGET /js/home_post_comments.js [33m404[0m 6.195 ms - 163[0m
[0mGET /css/layout.css [33m404[0m 4.635 ms - 153[0m
[0mGET /css/header.css [33m404[0m 5.261 ms - 153[0m
[0mGET /css/home.css [33m404[0m 7.384 ms - 151[0m
[0mGET /css/footer.css [33m404[0m 7.318 ms - 153[0m
[0mGET /css/chat_box.css [33m404[0m 6.897 ms - 155[0m
[0mGET /js/home_posts.js [33m404[0m 4.894 ms - 155[0m
[0mGET /js/chat_engine.js [33m404[0m 3.629 ms - 156[0m
[0mGET /js/toggle_likes.js [33m404[0m 3.296 ms - 157[0m
[0mGET /js/toggle_likes.js [33m404[0m 1.737 ms - 157[0m
[0mGET /js/chat_engine.js [33m404[0m 1.501 ms - 156[0m
[0mGET / [36m304[0m 9.684 ms - -[0m
[0mGET /css/footer.css [33m404[0m 2.936 ms - 153[0m
[0mGET /js/home_post_comments.js [33m404[0m 4.182 ms - 163[0m
[0mGET /css/home.css [33m404[0m 7.750 ms - 151[0m
[0mGET /css/layout.css [33m404[0m 3.195 ms - 153[0m
[0mGET /css/header.css [33m404[0m 8.816 ms - 153[0m
[0mGET /css/chat_box.css [33m404[0m 7.974 ms - 155[0m
[0mGET /js/toggle_likes.js [33m404[0m 4.796 ms - 157[0m
[0mGET /js/home_posts.js [33m404[0m 10.197 ms - 155[0m
[0mGET /js/chat_engine.js [33m404[0m 5.372 ms - 156[0m
[0mGET /js/toggle_likes.js [33m404[0m 1.795 ms - 157[0m
[0mGET /js/chat_engine.js [33m404[0m 1.498 ms - 156[0m
[0mGET / [36m304[0m 13.286 ms - -[0m
[0mGET /css/footer.css [33m404[0m 7.741 ms - 153[0m
[0mGET /css/header.css [33m404[0m 6.917 ms - 153[0m
[0mGET /css/layout.css [33m404[0m 6.520 ms - 153[0m
[0mGET /js/home_post_comments.js [33m404[0m 5.652 ms - 163[0m
[0mGET /css/chat_box.css [33m404[0m 8.294 ms - 155[0m
[0mGET /css/home.css [33m404[0m 7.877 ms - 151[0m
[0mGET /js/toggle_likes.js [33m404[0m 1.595 ms - 157[0m
[0mGET /js/home_posts.js [33m404[0m 3.543 ms - 155[0m
[0mGET /js/chat_engine.js [33m404[0m 4.168 ms - 156[0m
[0mGET /js/toggle_likes.js [33m404[0m 1.401 ms - 157[0m
[0mGET /js/chat_engine.js [33m404[0m 1.687 ms - 156[0m
[0mGET / [36m304[0m 41.073 ms - -[0m
[0mGET /js/home_post_comments.js [33m404[0m 6.990 ms - 163[0m
[0mGET /js/home_posts.js [33m404[0m 7.607 ms - 155[0m
[0mGET /js/chat_engine.js [33m404[0m 6.212 ms - 156[0m
[0mGET /js/toggle_likes.js [33m404[0m 5.691 ms - 157[0m
[0mGET /js/home_posts.js [33m404[0m 2.042 ms - 155[0m
[0mGET /js/toggle_likes.js [33m404[0m 1.667 ms - 157[0m
[0mGET /js/chat_engine.js [33m404[0m 1.935 ms - 156[0m
[0mGET / [36m304[0m 38.769 ms - -[0m
[0mGET / [32m200[0m 44.237 ms - 8578[0m
[0mGET /js/home_post_comments.js [33m404[0m 5.268 ms - 163[0m
[0mGET /js/home_posts.js [33m404[0m 6.651 ms - 155[0m
[0mGET /js/toggle_likes.js [33m404[0m 7.165 ms - 157[0m
[0mGET /js/chat_engine.js [33m404[0m 8.247 ms - 156[0m
[0mGET / [36m304[0m 21.648 ms - -[0m
[0mGET /css/layout.css [33m404[0m 6.488 ms - 153[0m
[0mGET /css/home.css [33m404[0m 6.566 ms - 151[0m
[0mGET /css/footer.css [33m404[0m 7.091 ms - 153[0m
[0mGET /css/header.css [33m404[0m 7.147 ms - 153[0m
[0mGET /css/chat_box.css [33m404[0m 4.698 ms - 155[0m
[0mGET /js/home_post_comments.js [33m404[0m 6.336 ms - 163[0m
[0mGET /js/home_posts.js [33m404[0m 3.498 ms - 155[0m
[0mGET /js/toggle_likes.js [33m404[0m 3.076 ms - 157[0m
[0mGET /js/chat_engine.js [33m404[0m 3.372 ms - 156[0m
[0mGET / [36m304[0m 9.440 ms - -[0m
[0mGET /js/home_post_comments.js [33m404[0m 3.222 ms - 163[0m
[0mGET /css/header.css [33m404[0m 2.921 ms - 153[0m
[0mGET /css/layout.css [33m404[0m 4.125 ms - 153[0m
[0mGET /css/home.css [33m404[0m 4.112 ms - 151[0m
[0mGET /css/footer.css [33m404[0m 4.098 ms - 153[0m
[0mGET /css/chat_box.css [33m404[0m 4.012 ms - 155[0m
[0mGET /js/home_posts.js [33m404[0m 3.456 ms - 155[0m
[0mGET /js/chat_engine.js [33m404[0m 3.227 ms - 156[0m
[0mGET /js/toggle_likes.js [33m404[0m 4.214 ms - 157[0m
[0mGET /js/chat_engine.js [33m404[0m 1.276 ms - 156[0m
[0mGET / [36m304[0m 9.112 ms - -[0m
[0mGET /js/home_post_comments.js [33m404[0m 2.988 ms - 163[0m
[0mGET /css/header.css [33m404[0m 3.373 ms - 153[0m
[0mGET /css/layout.css [33m404[0m 2.070 ms - 153[0m
[0mGET /css/chat_box.css [33m404[0m 3.323 ms - 155[0m
[0mGET /css/footer.css [33m404[0m 3.252 ms - 153[0m
[0mGET /css/home.css [33m404[0m 3.232 ms - 151[0m
[0mGET /js/toggle_likes.js [33m404[0m 3.456 ms - 157[0m
[0mGET /js/home_posts.js [33m404[0m 4.345 ms - 155[0m
[0mGET /js/chat_engine.js [33m404[0m 3.848 ms - 156[0m
[0mGET /js/toggle_likes.js [33m404[0m 1.301 ms - 157[0m
[0mGET /js/chat_engine.js [33m404[0m 1.367 ms - 156[0m
[0mGET /css/layout.css [33m404[0m 4.926 ms - 153[0m
[0mGET /css/chat_box.css [33m404[0m 4.931 ms - 155[0m
[0mGET /css/footer.css [33m404[0m 4.186 ms - 153[0m
[0mGET /css/header.css [33m404[0m 4.421 ms - 153[0m
[0mGET /css/home.css [33m404[0m 4.726 ms - 151[0m
[0mGET / [36m304[0m 37.018 ms - -[0m
[0mGET /js/home_post_comments.js [33m404[0m 19.598 ms - 163[0m
[0mGET /js/toggle_likes.js [33m404[0m 11.760 ms - 157[0m
[0mGET /js/home_posts.js [33m404[0m 9.895 ms - 155[0m
[0mGET /js/chat_engine.js [33m404[0m 14.493 ms - 156[0m
[0mGET / [36m304[0m 15.288 ms - -[0m
[0mGET /css/header.css [33m404[0m 6.520 ms - 153[0m
[0mGET /css/layout.css [33m404[0m 6.519 ms - 153[0m
[0mGET /js/home_post_comments.js [33m404[0m 7.180 ms - 163[0m
[0mGET /css/footer.css [33m404[0m 7.209 ms - 153[0m
[0mGET /css/home.css [33m404[0m 8.793 ms - 151[0m
[0mGET /js/home_posts.js [33m404[0m 4.381 ms - 155[0m
[0mGET /css/chat_box.css [33m404[0m 8.472 ms - 155[0m
[0mGET /js/chat_engine.js [33m404[0m 6.380 ms - 156[0m
[0mGET /js/toggle_likes.js [33m404[0m 4.495 ms - 157[0m
[0mGET /js/home_posts.js [33m404[0m 2.782 ms - 155[0m
[0mGET /js/toggle_likes.js [33m404[0m 1.661 ms - 157[0m
[0mGET /js/chat_engine.js [33m404[0m 1.956 ms - 156[0m
[0mGET / [36m304[0m 42.561 ms - -[0m
[0mGET /js/home_post_comments.js [33m404[0m 21.607 ms - 163[0m
[0mGET /js/home_posts.js [33m404[0m 12.761 ms - 155[0m
[0mGET /js/toggle_likes.js [33m404[0m 14.684 ms - 157[0m
[0mGET /js/chat_engine.js [33m404[0m 16.874 ms - 156[0m
[0mGET / [36m304[0m 13.786 ms - -[0m
[0mGET /js/home_post_comments.js [33m404[0m 8.432 ms - 163[0m
[0mGET /css/layout.css [33m404[0m 7.338 ms - 153[0m
[0mGET /css/header.css [33m404[0m 5.053 ms - 153[0m
[0mGET /css/footer.css [33m404[0m 4.040 ms - 153[0m
[0mGET /css/chat_box.css [33m404[0m 5.168 ms - 155[0m
[0mGET /css/home.css [33m404[0m 5.771 ms - 151[0m
[0mGET /js/home_posts.js [33m404[0m 6.985 ms - 155[0m
[0mGET /js/toggle_likes.js [33m404[0m 3.284 ms - 157[0m
[0mGET /js/chat_engine.js [33m404[0m 4.247 ms - 156[0m
[0mGET /js/toggle_likes.js [33m404[0m 1.356 ms - 157[0m
[0mGET /js/chat_engine.js [33m404[0m 2.577 ms - 156[0m
::1 - - [29/Apr/2021:06:42:41 +0000] "GET / HTTP/1.1" 200 2923 "-" "Mozilla/5.0 (Macintosh; Intel Mac OS X 10_15_7) AppleWebKit/537.36 (KHTML, like Gecko) Chrome/90.0.4430.85 Safari/537.36"
::1 - - [29/Apr/2021:06:42:41 +0000] "GET /css/home.css HTTP/1.1" 404 151 "http://localhost:8000/" "Mozilla/5.0 (Macintosh; Intel Mac OS X 10_15_7) AppleWebKit/537.36 (KHTML, like Gecko) Chrome/90.0.4430.85 Safari/537.36"
::1 - - [29/Apr/2021:06:42:41 +0000] "GET /js/home_post_comments.js HTTP/1.1" 404 163 "http://localhost:8000/" "Mozilla/5.0 (Macintosh; Intel Mac OS X 10_15_7) AppleWebKit/537.36 (KHTML, like Gecko) Chrome/90.0.4430.85 Safari/537.36"
::1 - - [29/Apr/2021:06:42:41 +0000] "GET /js/toggle_likes.js HTTP/1.1" 404 157 "http://localhost:8000/" "Mozilla/5.0 (Macintosh; Intel Mac OS X 10_15_7) AppleWebKit/537.36 (KHTML, like Gecko) Chrome/90.0.4430.85 Safari/537.36"
::1 - - [29/Apr/2021:06:42:41 +0000] "GET /js/chat_engine.js HTTP/1.1" 404 156 "http://localhost:8000/" "Mozilla/5.0 (Macintosh; Intel Mac OS X 10_15_7) AppleWebKit/537.36 (KHTML, like Gecko) Chrome/90.0.4430.85 Safari/537.36"
::1 - - [29/Apr/2021:06:42:41 +0000] "GET /css/chat_box.css HTTP/1.1" 404 155 "http://localhost:8000/" "Mozilla/5.0 (Macintosh; Intel Mac OS X 10_15_7) AppleWebKit/537.36 (KHTML, like Gecko) Chrome/90.0.4430.85 Safari/537.36"
::1 - - [29/Apr/2021:06:42:41 +0000] "GET /js/home_posts.js HTTP/1.1" 404 155 "http://localhost:8000/" "Mozilla/5.0 (Macintosh; Intel Mac OS X 10_15_7) AppleWebKit/537.36 (KHTML, like Gecko) Chrome/90.0.4430.85 Safari/537.36"
::1 - - [29/Apr/2021:06:42:41 +0000] "GET /js/toggle_likes.js HTTP/1.1" 404 157 "http://localhost:8000/" "Mozilla/5.0 (Macintosh; Intel Mac OS X 10_15_7) AppleWebKit/537.36 (KHTML, like Gecko) Chrome/90.0.4430.85 Safari/537.36"
::1 - - [29/Apr/2021:06:42:41 +0000] "GET /js/chat_engine.js HTTP/1.1" 404 156 "http://localhost:8000/" "Mozilla/5.0 (Macintosh; Intel Mac OS X 10_15_7) AppleWebKit/537.36 (KHTML, like Gecko) Chrome/90.0.4430.85 Safari/537.36"
::1 - - [29/Apr/2021:06:42:45 +0000] "GET / HTTP/1.1" 304 - "-" "Mozilla/5.0 (Macintosh; Intel Mac OS X 10_15_7) AppleWebKit/537.36 (KHTML, like Gecko) Chrome/90.0.4430.85 Safari/537.36"
::1 - - [29/Apr/2021:06:42:45 +0000] "GET /css/home.css HTTP/1.1" 404 151 "http://localhost:8000/" "Mozilla/5.0 (Macintosh; Intel Mac OS X 10_15_7) AppleWebKit/537.36 (KHTML, like Gecko) Chrome/90.0.4430.85 Safari/537.36"
::1 - - [29/Apr/2021:06:42:45 +0000] "GET /css/chat_box.css HTTP/1.1" 404 155 "http://localhost:8000/" "Mozilla/5.0 (Macintosh; Intel Mac OS X 10_15_7) AppleWebKit/537.36 (KHTML, like Gecko) Chrome/90.0.4430.85 Safari/537.36"
::1 - - [29/Apr/2021:06:42:45 +0000] "GET /js/home_post_comments.js HTTP/1.1" 404 163 "http://localhost:8000/" "Mozilla/5.0 (Macintosh; Intel Mac OS X 10_15_7) AppleWebKit/537.36 (KHTML, like Gecko) Chrome/90.0.4430.85 Safari/537.36"
::1 - - [29/Apr/2021:06:42:45 +0000] "GET /js/chat_engine.js HTTP/1.1" 404 156 "http://localhost:8000/" "Mozilla/5.0 (Macintosh; Intel Mac OS X 10_15_7) AppleWebKit/537.36 (KHTML, like Gecko) Chrome/90.0.4430.85 Safari/537.36"
::1 - - [29/Apr/2021:06:42:45 +0000] "GET /js/toggle_likes.js HTTP/1.1" 404 157 "http://localhost:8000/" "Mozilla/5.0 (Macintosh; Intel Mac OS X 10_15_7) AppleWebKit/537.36 (KHTML, like Gecko) Chrome/90.0.4430.85 Safari/537.36"
::1 - - [29/Apr/2021:06:42:45 +0000] "GET /js/home_posts.js HTTP/1.1" 404 155 "http://localhost:8000/" "Mozilla/5.0 (Macintosh; Intel Mac OS X 10_15_7) AppleWebKit/537.36 (KHTML, like Gecko) Chrome/90.0.4430.85 Safari/537.36"
::1 - - [29/Apr/2021:06:42:45 +0000] "GET /js/toggle_likes.js HTTP/1.1" 404 157 "http://localhost:8000/" "Mozilla/5.0 (Macintosh; Intel Mac OS X 10_15_7) AppleWebKit/537.36 (KHTML, like Gecko) Chrome/90.0.4430.85 Safari/537.36"
::1 - - [29/Apr/2021:06:42:45 +0000] "GET /js/chat_engine.js HTTP/1.1" 404 156 "http://localhost:8000/" "Mozilla/5.0 (Macintosh; Intel Mac OS X 10_15_7) AppleWebKit/537.36 (KHTML, like Gecko) Chrome/90.0.4430.85 Safari/537.36"
::1 - - [29/Apr/2021:06:42:46 +0000] "GET / HTTP/1.1" 304 - "-" "Mozilla/5.0 (Macintosh; Intel Mac OS X 10_15_7) AppleWebKit/537.36 (KHTML, like Gecko) Chrome/90.0.4430.85 Safari/537.36"
::1 - - [29/Apr/2021:06:42:46 +0000] "GET /css/chat_box.css HTTP/1.1" 404 155 "http://localhost:8000/" "Mozilla/5.0 (Macintosh; Intel Mac OS X 10_15_7) AppleWebKit/537.36 (KHTML, like Gecko) Chrome/90.0.4430.85 Safari/537.36"
::1 - - [29/Apr/2021:06:42:46 +0000] "GET /css/home.css HTTP/1.1" 404 151 "http://localhost:8000/" "Mozilla/5.0 (Macintosh; Intel Mac OS X 10_15_7) AppleWebKit/537.36 (KHTML, like Gecko) Chrome/90.0.4430.85 Safari/537.36"
::1 - - [29/Apr/2021:06:42:46 +0000] "GET /js/home_post_comments.js HTTP/1.1" 404 163 "http://localhost:8000/" "Mozilla/5.0 (Macintosh; Intel Mac OS X 10_15_7) AppleWebKit/537.36 (KHTML, like Gecko) Chrome/90.0.4430.85 Safari/537.36"
::1 - - [29/Apr/2021:06:42:46 +0000] "GET /js/home_posts.js HTTP/1.1" 404 155 "http://localhost:8000/" "Mozilla/5.0 (Macintosh; Intel Mac OS X 10_15_7) AppleWebKit/537.36 (KHTML, like Gecko) Chrome/90.0.4430.85 Safari/537.36"
::1 - - [29/Apr/2021:06:42:46 +0000] "GET /js/toggle_likes.js HTTP/1.1" 404 157 "http://localhost:8000/" "Mozilla/5.0 (Macintosh; Intel Mac OS X 10_15_7) AppleWebKit/537.36 (KHTML, like Gecko) Chrome/90.0.4430.85 Safari/537.36"
::1 - - [29/Apr/2021:06:42:46 +0000] "GET /js/chat_engine.js HTTP/1.1" 404 156 "http://localhost:8000/" "Mozilla/5.0 (Macintosh; Intel Mac OS X 10_15_7) AppleWebKit/537.36 (KHTML, like Gecko) Chrome/90.0.4430.85 Safari/537.36"
::1 - - [29/Apr/2021:06:42:47 +0000] "GET / HTTP/1.1" 304 - "-" "Mozilla/5.0 (Macintosh; Intel Mac OS X 10_15_7) AppleWebKit/537.36 (KHTML, like Gecko) Chrome/90.0.4430.85 Safari/537.36"
::1 - - [29/Apr/2021:06:42:48 +0000] "GET /css/home.css HTTP/1.1" 404 151 "http://localhost:8000/" "Mozilla/5.0 (Macintosh; Intel Mac OS X 10_15_7) AppleWebKit/537.36 (KHTML, like Gecko) Chrome/90.0.4430.85 Safari/537.36"
::1 - - [29/Apr/2021:06:42:48 +0000] "GET /css/chat_box.css HTTP/1.1" 404 155 "http://localhost:8000/" "Mozilla/5.0 (Macintosh; Intel Mac OS X 10_15_7) AppleWebKit/537.36 (KHTML, like Gecko) Chrome/90.0.4430.85 Safari/537.36"
::1 - - [29/Apr/2021:06:42:48 +0000] "GET /js/home_post_comments.js HTTP/1.1" 404 163 "http://localhost:8000/" "Mozilla/5.0 (Macintosh; Intel Mac OS X 10_15_7) AppleWebKit/537.36 (KHTML, like Gecko) Chrome/90.0.4430.85 Safari/537.36"
::1 - - [29/Apr/2021:06:42:48 +0000] "GET /js/home_posts.js HTTP/1.1" 404 155 "http://localhost:8000/" "Mozilla/5.0 (Macintosh; Intel Mac OS X 10_15_7) AppleWebKit/537.36 (KHTML, like Gecko) Chrome/90.0.4430.85 Safari/537.36"
::1 - - [29/Apr/2021:06:42:48 +0000] "GET /js/toggle_likes.js HTTP/1.1" 404 157 "http://localhost:8000/" "Mozilla/5.0 (Macintosh; Intel Mac OS X 10_15_7) AppleWebKit/537.36 (KHTML, like Gecko) Chrome/90.0.4430.85 Safari/537.36"
::1 - - [29/Apr/2021:06:42:48 +0000] "GET /js/chat_engine.js HTTP/1.1" 404 156 "http://localhost:8000/" "Mozilla/5.0 (Macintosh; Intel Mac OS X 10_15_7) AppleWebKit/537.36 (KHTML, like Gecko) Chrome/90.0.4430.85 Safari/537.36"
::1 - - [29/Apr/2021:06:42:48 +0000] "GET /js/home_posts.js HTTP/1.1" 404 155 "http://localhost:8000/" "Mozilla/5.0 (Macintosh; Intel Mac OS X 10_15_7) AppleWebKit/537.36 (KHTML, like Gecko) Chrome/90.0.4430.85 Safari/537.36"
::1 - - [29/Apr/2021:06:42:48 +0000] "GET /js/toggle_likes.js HTTP/1.1" 404 157 "http://localhost:8000/" "Mozilla/5.0 (Macintosh; Intel Mac OS X 10_15_7) AppleWebKit/537.36 (KHTML, like Gecko) Chrome/90.0.4430.85 Safari/537.36"
::1 - - [29/Apr/2021:06:42:48 +0000] "GET /js/chat_engine.js HTTP/1.1" 404 156 "http://localhost:8000/" "Mozilla/5.0 (Macintosh; Intel Mac OS X 10_15_7) AppleWebKit/537.36 (KHTML, like Gecko) Chrome/90.0.4430.85 Safari/537.36"
::1 - - [29/Apr/2021:06:42:56 +0000] "GET /users/sign-in HTTP/1.1" 200 2449 "http://localhost:8000/" "Mozilla/5.0 (Macintosh; Intel Mac OS X 10_15_7) AppleWebKit/537.36 (KHTML, like Gecko) Chrome/90.0.4430.85 Safari/537.36"
::1 - - [29/Apr/2021:06:42:56 +0000] "GET /css/forgot_password.css HTTP/1.1" 404 162 "http://localhost:8000/users/sign-in" "Mozilla/5.0 (Macintosh; Intel Mac OS X 10_15_7) AppleWebKit/537.36 (KHTML, like Gecko) Chrome/90.0.4430.85 Safari/537.36"
::1 - - [29/Apr/2021:06:42:56 +0000] "GET /js/forgot_password.js HTTP/1.1" 404 160 "http://localhost:8000/users/sign-in" "Mozilla/5.0 (Macintosh; Intel Mac OS X 10_15_7) AppleWebKit/537.36 (KHTML, like Gecko) Chrome/90.0.4430.85 Safari/537.36"
::1 - - [29/Apr/2021:06:42:59 +0000] "POST /users/create-session HTTP/1.1" 302 72 "http://localhost:8000/users/sign-in" "Mozilla/5.0 (Macintosh; Intel Mac OS X 10_15_7) AppleWebKit/537.36 (KHTML, like Gecko) Chrome/90.0.4430.85 Safari/537.36"
::1 - - [29/Apr/2021:06:42:59 +0000] "GET /users/sign-in HTTP/1.1" 200 2741 "http://localhost:8000/users/sign-in" "Mozilla/5.0 (Macintosh; Intel Mac OS X 10_15_7) AppleWebKit/537.36 (KHTML, like Gecko) Chrome/90.0.4430.85 Safari/537.36"
::1 - - [29/Apr/2021:06:43:00 +0000] "GET /css/forgot_password.css HTTP/1.1" 404 162 "http://localhost:8000/users/sign-in" "Mozilla/5.0 (Macintosh; Intel Mac OS X 10_15_7) AppleWebKit/537.36 (KHTML, like Gecko) Chrome/90.0.4430.85 Safari/537.36"
::1 - - [29/Apr/2021:06:43:00 +0000] "GET /js/forgot_password.js HTTP/1.1" 404 160 "http://localhost:8000/users/sign-in" "Mozilla/5.0 (Macintosh; Intel Mac OS X 10_15_7) AppleWebKit/537.36 (KHTML, like Gecko) Chrome/90.0.4430.85 Safari/537.36"
::1 - - [29/Apr/2021:06:43:02 +0000] "GET /users/auth/google HTTP/1.1" 302 0 "http://localhost:8000/users/sign-in" "Mozilla/5.0 (Macintosh; Intel Mac OS X 10_15_7) AppleWebKit/537.36 (KHTML, like Gecko) Chrome/90.0.4430.85 Safari/537.36"
::1 - - [29/Apr/2021:06:43:43 +0000] "GET /users/auth/google HTTP/1.1" 302 0 "http://localhost:8000/users/sign-in" "Mozilla/5.0 (Macintosh; Intel Mac OS X 10_15_7) AppleWebKit/537.36 (KHTML, like Gecko) Chrome/90.0.4430.85 Safari/537.36"
::1 - - [29/Apr/2021:06:45:01 +0000] "POST /users/create-session HTTP/1.1" 302 72 "http://localhost:8000/users/sign-in" "Mozilla/5.0 (Macintosh; Intel Mac OS X 10_15_7) AppleWebKit/537.36 (KHTML, like Gecko) Chrome/90.0.4430.85 Safari/537.36"
::1 - - [29/Apr/2021:06:45:01 +0000] "GET /users/sign-in HTTP/1.1" 304 - "http://localhost:8000/users/sign-in" "Mozilla/5.0 (Macintosh; Intel Mac OS X 10_15_7) AppleWebKit/537.36 (KHTML, like Gecko) Chrome/90.0.4430.85 Safari/537.36"
::1 - - [29/Apr/2021:06:45:01 +0000] "GET /css/forgot_password.css HTTP/1.1" 404 162 "http://localhost:8000/users/sign-in" "Mozilla/5.0 (Macintosh; Intel Mac OS X 10_15_7) AppleWebKit/537.36 (KHTML, like Gecko) Chrome/90.0.4430.85 Safari/537.36"
::1 - - [29/Apr/2021:06:45:01 +0000] "GET /js/forgot_password.js HTTP/1.1" 404 160 "http://localhost:8000/users/sign-in" "Mozilla/5.0 (Macintosh; Intel Mac OS X 10_15_7) AppleWebKit/537.36 (KHTML, like Gecko) Chrome/90.0.4430.85 Safari/537.36"
::1 - - [29/Apr/2021:06:45:06 +0000] "POST /users/create-session HTTP/1.1" 302 72 "http://localhost:8000/users/sign-in" "Mozilla/5.0 (Macintosh; Intel Mac OS X 10_15_7) AppleWebKit/537.36 (KHTML, like Gecko) Chrome/90.0.4430.85 Safari/537.36"
::1 - - [29/Apr/2021:06:45:06 +0000] "GET /users/sign-in HTTP/1.1" 304 - "http://localhost:8000/users/sign-in" "Mozilla/5.0 (Macintosh; Intel Mac OS X 10_15_7) AppleWebKit/537.36 (KHTML, like Gecko) Chrome/90.0.4430.85 Safari/537.36"
::1 - - [29/Apr/2021:06:45:06 +0000] "GET /js/forgot_password.js HTTP/1.1" 404 160 "http://localhost:8000/users/sign-in" "Mozilla/5.0 (Macintosh; Intel Mac OS X 10_15_7) AppleWebKit/537.36 (KHTML, like Gecko) Chrome/90.0.4430.85 Safari/537.36"
::1 - - [29/Apr/2021:06:45:06 +0000] "GET /css/forgot_password.css HTTP/1.1" 404 162 "http://localhost:8000/users/sign-in" "Mozilla/5.0 (Macintosh; Intel Mac OS X 10_15_7) AppleWebKit/537.36 (KHTML, like Gecko) Chrome/90.0.4430.85 Safari/537.36"
::1 - - [29/Apr/2021:06:45:08 +0000] "GET /users/sign-up HTTP/1.1" 200 2247 "http://localhost:8000/users/sign-in" "Mozilla/5.0 (Macintosh; Intel Mac OS X 10_15_7) AppleWebKit/537.36 (KHTML, like Gecko) Chrome/90.0.4430.85 Safari/537.36"
::1 - - [29/Apr/2021:06:45:15 +0000] "POST /users/create HTTP/1.1" 302 72 "http://localhost:8000/users/sign-up" "Mozilla/5.0 (Macintosh; Intel Mac OS X 10_15_7) AppleWebKit/537.36 (KHTML, like Gecko) Chrome/90.0.4430.85 Safari/537.36"
::1 - - [29/Apr/2021:06:45:15 +0000] "GET /users/sign-in HTTP/1.1" 200 2449 "http://localhost:8000/users/sign-up" "Mozilla/5.0 (Macintosh; Intel Mac OS X 10_15_7) AppleWebKit/537.36 (KHTML, like Gecko) Chrome/90.0.4430.85 Safari/537.36"
::1 - - [29/Apr/2021:06:45:15 +0000] "GET /js/forgot_password.js HTTP/1.1" 404 160 "http://localhost:8000/users/sign-in" "Mozilla/5.0 (Macintosh; Intel Mac OS X 10_15_7) AppleWebKit/537.36 (KHTML, like Gecko) Chrome/90.0.4430.85 Safari/537.36"
::1 - - [29/Apr/2021:06:45:15 +0000] "GET /css/forgot_password.css HTTP/1.1" 404 162 "http://localhost:8000/users/sign-in" "Mozilla/5.0 (Macintosh; Intel Mac OS X 10_15_7) AppleWebKit/537.36 (KHTML, like Gecko) Chrome/90.0.4430.85 Safari/537.36"
::1 - - [29/Apr/2021:06:45:20 +0000] "POST /users/create-session HTTP/1.1" 302 46 "http://localhost:8000/users/sign-in" "Mozilla/5.0 (Macintosh; Intel Mac OS X 10_15_7) AppleWebKit/537.36 (KHTML, like Gecko) Chrome/90.0.4430.85 Safari/537.36"
::1 - - [29/Apr/2021:06:45:20 +0000] "GET / HTTP/1.1" 200 4302 "http://localhost:8000/users/sign-in" "Mozilla/5.0 (Macintosh; Intel Mac OS X 10_15_7) AppleWebKit/537.36 (KHTML, like Gecko) Chrome/90.0.4430.85 Safari/537.36"
::1 - - [29/Apr/2021:06:45:20 +0000] "GET /css/home.css HTTP/1.1" 404 151 "http://localhost:8000/" "Mozilla/5.0 (Macintosh; Intel Mac OS X 10_15_7) AppleWebKit/537.36 (KHTML, like Gecko) Chrome/90.0.4430.85 Safari/537.36"
::1 - - [29/Apr/2021:06:45:20 +0000] "GET /css/chat_box.css HTTP/1.1" 404 155 "http://localhost:8000/" "Mozilla/5.0 (Macintosh; Intel Mac OS X 10_15_7) AppleWebKit/537.36 (KHTML, like Gecko) Chrome/90.0.4430.85 Safari/537.36"
::1 - - [29/Apr/2021:06:45:20 +0000] "GET /js/home_post_comments.js HTTP/1.1" 404 163 "http://localhost:8000/" "Mozilla/5.0 (Macintosh; Intel Mac OS X 10_15_7) AppleWebKit/537.36 (KHTML, like Gecko) Chrome/90.0.4430.85 Safari/537.36"
::1 - - [29/Apr/2021:06:45:20 +0000] "GET /js/home_posts.js HTTP/1.1" 404 155 "http://localhost:8000/" "Mozilla/5.0 (Macintosh; Intel Mac OS X 10_15_7) AppleWebKit/537.36 (KHTML, like Gecko) Chrome/90.0.4430.85 Safari/537.36"
::1 - - [29/Apr/2021:06:45:20 +0000] "GET /js/chat_engine.js HTTP/1.1" 404 156 "http://localhost:8000/" "Mozilla/5.0 (Macintosh; Intel Mac OS X 10_15_7) AppleWebKit/537.36 (KHTML, like Gecko) Chrome/90.0.4430.85 Safari/537.36"
::1 - - [29/Apr/2021:06:45:20 +0000] "GET /js/toggle_likes.js HTTP/1.1" 404 157 "http://localhost:8000/" "Mozilla/5.0 (Macintosh; Intel Mac OS X 10_15_7) AppleWebKit/537.36 (KHTML, like Gecko) Chrome/90.0.4430.85 Safari/537.36"
::1 - - [29/Apr/2021:06:45:20 +0000] "GET /js/chat_engine.js HTTP/1.1" 404 156 "http://localhost:8000/" "Mozilla/5.0 (Macintosh; Intel Mac OS X 10_15_7) AppleWebKit/537.36 (KHTML, like Gecko) Chrome/90.0.4430.85 Safari/537.36"
::1 - - [29/Apr/2021:06:47:35 +0000] "GET / HTTP/1.1" 200 4011 "-" "Mozilla/5.0 (Macintosh; Intel Mac OS X 10_15_7) AppleWebKit/537.36 (KHTML, like Gecko) Chrome/90.0.4430.85 Safari/537.36"
::1 - - [29/Apr/2021:06:47:35 +0000] "GET /js/home_posts.js HTTP/1.1" 404 155 "http://localhost:8000/" "Mozilla/5.0 (Macintosh; Intel Mac OS X 10_15_7) AppleWebKit/537.36 (KHTML, like Gecko) Chrome/90.0.4430.85 Safari/537.36"
::1 - - [29/Apr/2021:06:47:35 +0000] "GET /css/home.css HTTP/1.1" 404 151 "http://localhost:8000/" "Mozilla/5.0 (Macintosh; Intel Mac OS X 10_15_7) AppleWebKit/537.36 (KHTML, like Gecko) Chrome/90.0.4430.85 Safari/537.36"
::1 - - [29/Apr/2021:06:47:35 +0000] "GET /css/chat_box.css HTTP/1.1" 404 155 "http://localhost:8000/" "Mozilla/5.0 (Macintosh; Intel Mac OS X 10_15_7) AppleWebKit/537.36 (KHTML, like Gecko) Chrome/90.0.4430.85 Safari/537.36"
::1 - - [29/Apr/2021:06:47:35 +0000] "GET /js/home_post_comments.js HTTP/1.1" 404 163 "http://localhost:8000/" "Mozilla/5.0 (Macintosh; Intel Mac OS X 10_15_7) AppleWebKit/537.36 (KHTML, like Gecko) Chrome/90.0.4430.85 Safari/537.36"
::1 - - [29/Apr/2021:06:47:35 +0000] "GET /js/toggle_likes.js HTTP/1.1" 404 157 "http://localhost:8000/" "Mozilla/5.0 (Macintosh; Intel Mac OS X 10_15_7) AppleWebKit/537.36 (KHTML, like Gecko) Chrome/90.0.4430.85 Safari/537.36"
::1 - - [29/Apr/2021:06:47:35 +0000] "GET /js/chat_engine.js HTTP/1.1" 404 156 "http://localhost:8000/" "Mozilla/5.0 (Macintosh; Intel Mac OS X 10_15_7) AppleWebKit/537.36 (KHTML, like Gecko) Chrome/90.0.4430.85 Safari/537.36"
::1 - - [29/Apr/2021:06:47:35 +0000] "GET /js/home_posts.js HTTP/1.1" 404 155 "http://localhost:8000/" "Mozilla/5.0 (Macintosh; Intel Mac OS X 10_15_7) AppleWebKit/537.36 (KHTML, like Gecko) Chrome/90.0.4430.85 Safari/537.36"
::1 - - [29/Apr/2021:06:47:35 +0000] "GET /js/toggle_likes.js HTTP/1.1" 404 157 "http://localhost:8000/" "Mozilla/5.0 (Macintosh; Intel Mac OS X 10_15_7) AppleWebKit/537.36 (KHTML, like Gecko) Chrome/90.0.4430.85 Safari/537.36"
::1 - - [29/Apr/2021:06:47:35 +0000] "GET /js/chat_engine.js HTTP/1.1" 404 156 "http://localhost:8000/" "Mozilla/5.0 (Macintosh; Intel Mac OS X 10_15_7) AppleWebKit/537.36 (KHTML, like Gecko) Chrome/90.0.4430.85 Safari/537.36"
::1 - - [29/Apr/2021:06:48:20 +0000] "GET / HTTP/1.1" 304 - "-" "Mozilla/5.0 (Macintosh; Intel Mac OS X 10_15_7) AppleWebKit/537.36 (KHTML, like Gecko) Chrome/90.0.4430.85 Safari/537.36"
::1 - - [29/Apr/2021:06:48:20 +0000] "GET /js/home_post_comments.js HTTP/1.1" 404 163 "http://localhost:8000/" "Mozilla/5.0 (Macintosh; Intel Mac OS X 10_15_7) AppleWebKit/537.36 (KHTML, like Gecko) Chrome/90.0.4430.85 Safari/537.36"
::1 - - [29/Apr/2021:06:48:20 +0000] "GET /css/home.css HTTP/1.1" 404 151 "http://localhost:8000/" "Mozilla/5.0 (Macintosh; Intel Mac OS X 10_15_7) AppleWebKit/537.36 (KHTML, like Gecko) Chrome/90.0.4430.85 Safari/537.36"
::1 - - [29/Apr/2021:06:48:20 +0000] "GET /css/chat_box.css HTTP/1.1" 404 155 "http://localhost:8000/" "Mozilla/5.0 (Macintosh; Intel Mac OS X 10_15_7) AppleWebKit/537.36 (KHTML, like Gecko) Chrome/90.0.4430.85 Safari/537.36"
::1 - - [29/Apr/2021:06:48:20 +0000] "GET /js/toggle_likes.js HTTP/1.1" 404 157 "http://localhost:8000/" "Mozilla/5.0 (Macintosh; Intel Mac OS X 10_15_7) AppleWebKit/537.36 (KHTML, like Gecko) Chrome/90.0.4430.85 Safari/537.36"
::1 - - [29/Apr/2021:06:48:20 +0000] "GET /js/home_posts.js HTTP/1.1" 404 155 "http://localhost:8000/" "Mozilla/5.0 (Macintosh; Intel Mac OS X 10_15_7) AppleWebKit/537.36 (KHTML, like Gecko) Chrome/90.0.4430.85 Safari/537.36"
::1 - - [29/Apr/2021:06:48:20 +0000] "GET /js/chat_engine.js HTTP/1.1" 404 156 "http://localhost:8000/" "Mozilla/5.0 (Macintosh; Intel Mac OS X 10_15_7) AppleWebKit/537.36 (KHTML, like Gecko) Chrome/90.0.4430.85 Safari/537.36"
::1 - - [29/Apr/2021:06:50:02 +0000] "GET / HTTP/1.1" 304 - "-" "Mozilla/5.0 (Macintosh; Intel Mac OS X 10_15_7) AppleWebKit/537.36 (KHTML, like Gecko) Chrome/90.0.4430.85 Safari/537.36"
::1 - - [29/Apr/2021:06:50:02 +0000] "GET /css/chat_box.css HTTP/1.1" 404 155 "http://localhost:8000/" "Mozilla/5.0 (Macintosh; Intel Mac OS X 10_15_7) AppleWebKit/537.36 (KHTML, like Gecko) Chrome/90.0.4430.85 Safari/537.36"
::1 - - [29/Apr/2021:06:50:02 +0000] "GET /css/home.css HTTP/1.1" 404 151 "http://localhost:8000/" "Mozilla/5.0 (Macintosh; Intel Mac OS X 10_15_7) AppleWebKit/537.36 (KHTML, like Gecko) Chrome/90.0.4430.85 Safari/537.36"
::1 - - [29/Apr/2021:06:50:02 +0000] "GET /js/home_posts.js HTTP/1.1" 404 155 "http://localhost:8000/" "Mozilla/5.0 (Macintosh; Intel Mac OS X 10_15_7) AppleWebKit/537.36 (KHTML, like Gecko) Chrome/90.0.4430.85 Safari/537.36"
::1 - - [29/Apr/2021:06:50:02 +0000] "GET /js/home_post_comments.js HTTP/1.1" 404 163 "http://localhost:8000/" "Mozilla/5.0 (Macintosh; Intel Mac OS X 10_15_7) AppleWebKit/537.36 (KHTML, like Gecko) Chrome/90.0.4430.85 Safari/537.36"
::1 - - [29/Apr/2021:06:50:02 +0000] "GET /js/toggle_likes.js HTTP/1.1" 404 157 "http://localhost:8000/" "Mozilla/5.0 (Macintosh; Intel Mac OS X 10_15_7) AppleWebKit/537.36 (KHTML, like Gecko) Chrome/90.0.4430.85 Safari/537.36"
::1 - - [29/Apr/2021:06:50:02 +0000] "GET /js/chat_engine.js HTTP/1.1" 404 156 "http://localhost:8000/" "Mozilla/5.0 (Macintosh; Intel Mac OS X 10_15_7) AppleWebKit/537.36 (KHTML, like Gecko) Chrome/90.0.4430.85 Safari/537.36"
::1 - - [29/Apr/2021:06:50:34 +0000] "GET / HTTP/1.1" 304 - "-" "Mozilla/5.0 (Macintosh; Intel Mac OS X 10_15_7) AppleWebKit/537.36 (KHTML, like Gecko) Chrome/90.0.4430.85 Safari/537.36"
::1 - - [29/Apr/2021:06:50:34 +0000] "GET /css/chat_box.css HTTP/1.1" 404 155 "http://localhost:8000/" "Mozilla/5.0 (Macintosh; Intel Mac OS X 10_15_7) AppleWebKit/537.36 (KHTML, like Gecko) Chrome/90.0.4430.85 Safari/537.36"
::1 - - [29/Apr/2021:06:50:34 +0000] "GET /css/home.css HTTP/1.1" 404 151 "http://localhost:8000/" "Mozilla/5.0 (Macintosh; Intel Mac OS X 10_15_7) AppleWebKit/537.36 (KHTML, like Gecko) Chrome/90.0.4430.85 Safari/537.36"
::1 - - [29/Apr/2021:06:50:34 +0000] "GET /js/home_posts.js HTTP/1.1" 404 155 "http://localhost:8000/" "Mozilla/5.0 (Macintosh; Intel Mac OS X 10_15_7) AppleWebKit/537.36 (KHTML, like Gecko) Chrome/90.0.4430.85 Safari/537.36"
::1 - - [29/Apr/2021:06:50:34 +0000] "GET /js/home_post_comments.js HTTP/1.1" 404 163 "http://localhost:8000/" "Mozilla/5.0 (Macintosh; Intel Mac OS X 10_15_7) AppleWebKit/537.36 (KHTML, like Gecko) Chrome/90.0.4430.85 Safari/537.36"
::1 - - [29/Apr/2021:06:50:34 +0000] "GET /js/toggle_likes.js HTTP/1.1" 404 157 "http://localhost:8000/" "Mozilla/5.0 (Macintosh; Intel Mac OS X 10_15_7) AppleWebKit/537.36 (KHTML, like Gecko) Chrome/90.0.4430.85 Safari/537.36"
::1 - - [29/Apr/2021:06:50:34 +0000] "GET /js/chat_engine.js HTTP/1.1" 404 156 "http://localhost:8000/" "Mozilla/5.0 (Macintosh; Intel Mac OS X 10_15_7) AppleWebKit/537.36 (KHTML, like Gecko) Chrome/90.0.4430.85 Safari/537.36"
::1 - - [29/Apr/2021:06:52:02 +0000] "GET / HTTP/1.1" 304 - "-" "Mozilla/5.0 (Macintosh; Intel Mac OS X 10_15_7) AppleWebKit/537.36 (KHTML, like Gecko) Chrome/90.0.4430.85 Safari/537.36"
::1 - - [29/Apr/2021:06:52:02 +0000] "GET /css/chat_box.css HTTP/1.1" 404 155 "http://localhost:8000/" "Mozilla/5.0 (Macintosh; Intel Mac OS X 10_15_7) AppleWebKit/537.36 (KHTML, like Gecko) Chrome/90.0.4430.85 Safari/537.36"
::1 - - [29/Apr/2021:06:52:02 +0000] "GET /css/home.css HTTP/1.1" 404 151 "http://localhost:8000/" "Mozilla/5.0 (Macintosh; Intel Mac OS X 10_15_7) AppleWebKit/537.36 (KHTML, like Gecko) Chrome/90.0.4430.85 Safari/537.36"
::1 - - [29/Apr/2021:06:52:02 +0000] "GET /js/home_post_comments.js HTTP/1.1" 404 163 "http://localhost:8000/" "Mozilla/5.0 (Macintosh; Intel Mac OS X 10_15_7) AppleWebKit/537.36 (KHTML, like Gecko) Chrome/90.0.4430.85 Safari/537.36"
::1 - - [29/Apr/2021:06:52:02 +0000] "GET /js/toggle_likes.js HTTP/1.1" 404 157 "http://localhost:8000/" "Mozilla/5.0 (Macintosh; Intel Mac OS X 10_15_7) AppleWebKit/537.36 (KHTML, like Gecko) Chrome/90.0.4430.85 Safari/537.36"
::1 - - [29/Apr/2021:06:52:02 +0000] "GET /js/home_posts.js HTTP/1.1" 404 155 "http://localhost:8000/" "Mozilla/5.0 (Macintosh; Intel Mac OS X 10_15_7) AppleWebKit/537.36 (KHTML, like Gecko) Chrome/90.0.4430.85 Safari/537.36"
::1 - - [29/Apr/2021:06:52:02 +0000] "GET /js/chat_engine.js HTTP/1.1" 404 156 "http://localhost:8000/" "Mozilla/5.0 (Macintosh; Intel Mac OS X 10_15_7) AppleWebKit/537.36 (KHTML, like Gecko) Chrome/90.0.4430.85 Safari/537.36"
::1 - - [29/Apr/2021:06:52:02 +0000] "GET /js/home_posts.js HTTP/1.1" 404 155 "http://localhost:8000/" "Mozilla/5.0 (Macintosh; Intel Mac OS X 10_15_7) AppleWebKit/537.36 (KHTML, like Gecko) Chrome/90.0.4430.85 Safari/537.36"
::1 - - [29/Apr/2021:06:52:02 +0000] "GET /js/toggle_likes.js HTTP/1.1" 404 157 "http://localhost:8000/" "Mozilla/5.0 (Macintosh; Intel Mac OS X 10_15_7) AppleWebKit/537.36 (KHTML, like Gecko) Chrome/90.0.4430.85 Safari/537.36"
::1 - - [29/Apr/2021:06:52:02 +0000] "GET /js/chat_engine.js HTTP/1.1" 404 156 "http://localhost:8000/" "Mozilla/5.0 (Macintosh; Intel Mac OS X 10_15_7) AppleWebKit/537.36 (KHTML, like Gecko) Chrome/90.0.4430.85 Safari/537.36"
::1 - - [29/Apr/2021:06:52:51 +0000] "GET / HTTP/1.1" 304 - "-" "Mozilla/5.0 (Macintosh; Intel Mac OS X 10_15_7) AppleWebKit/537.36 (KHTML, like Gecko) Chrome/90.0.4430.85 Safari/537.36"
::1 - - [29/Apr/2021:06:52:51 +0000] "GET /js/home_post_comments.js HTTP/1.1" 404 163 "http://localhost:8000/" "Mozilla/5.0 (Macintosh; Intel Mac OS X 10_15_7) AppleWebKit/537.36 (KHTML, like Gecko) Chrome/90.0.4430.85 Safari/537.36"
::1 - - [29/Apr/2021:06:52:51 +0000] "GET /css/chat_box.css HTTP/1.1" 404 155 "http://localhost:8000/" "Mozilla/5.0 (Macintosh; Intel Mac OS X 10_15_7) AppleWebKit/537.36 (KHTML, like Gecko) Chrome/90.0.4430.85 Safari/537.36"
::1 - - [29/Apr/2021:06:52:51 +0000] "GET /css/home.css HTTP/1.1" 404 151 "http://localhost:8000/" "Mozilla/5.0 (Macintosh; Intel Mac OS X 10_15_7) AppleWebKit/537.36 (KHTML, like Gecko) Chrome/90.0.4430.85 Safari/537.36"
::1 - - [29/Apr/2021:06:52:51 +0000] "GET /js/chat_engine.js HTTP/1.1" 404 156 "http://localhost:8000/" "Mozilla/5.0 (Macintosh; Intel Mac OS X 10_15_7) AppleWebKit/537.36 (KHTML, like Gecko) Chrome/90.0.4430.85 Safari/537.36"
::1 - - [29/Apr/2021:06:52:51 +0000] "GET /js/toggle_likes.js HTTP/1.1" 404 157 "http://localhost:8000/" "Mozilla/5.0 (Macintosh; Intel Mac OS X 10_15_7) AppleWebKit/537.36 (KHTML, like Gecko) Chrome/90.0.4430.85 Safari/537.36"
::1 - - [29/Apr/2021:06:52:51 +0000] "GET /js/home_posts.js HTTP/1.1" 404 155 "http://localhost:8000/" "Mozilla/5.0 (Macintosh; Intel Mac OS X 10_15_7) AppleWebKit/537.36 (KHTML, like Gecko) Chrome/90.0.4430.85 Safari/537.36"
::1 - - [29/Apr/2021:06:55:07 +0000] "GET / HTTP/1.1" 304 - "-" "Mozilla/5.0 (Macintosh; Intel Mac OS X 10_15_7) AppleWebKit/537.36 (KHTML, like Gecko) Chrome/90.0.4430.85 Safari/537.36"
::1 - - [29/Apr/2021:06:55:07 +0000] "GET /css/home.css HTTP/1.1" 404 151 "http://localhost:8000/" "Mozilla/5.0 (Macintosh; Intel Mac OS X 10_15_7) AppleWebKit/537.36 (KHTML, like Gecko) Chrome/90.0.4430.85 Safari/537.36"
::1 - - [29/Apr/2021:06:55:07 +0000] "GET /css/chat_box.css HTTP/1.1" 404 155 "http://localhost:8000/" "Mozilla/5.0 (Macintosh; Intel Mac OS X 10_15_7) AppleWebKit/537.36 (KHTML, like Gecko) Chrome/90.0.4430.85 Safari/537.36"
::1 - - [29/Apr/2021:06:55:07 +0000] "GET /js/home_posts.js HTTP/1.1" 404 155 "http://localhost:8000/" "Mozilla/5.0 (Macintosh; Intel Mac OS X 10_15_7) AppleWebKit/537.36 (KHTML, like Gecko) Chrome/90.0.4430.85 Safari/537.36"
::1 - - [29/Apr/2021:06:55:07 +0000] "GET /js/home_post_comments.js HTTP/1.1" 404 163 "http://localhost:8000/" "Mozilla/5.0 (Macintosh; Intel Mac OS X 10_15_7) AppleWebKit/537.36 (KHTML, like Gecko) Chrome/90.0.4430.85 Safari/537.36"
::1 - - [29/Apr/2021:06:55:07 +0000] "GET /js/chat_engine.js HTTP/1.1" 404 156 "http://localhost:8000/" "Mozilla/5.0 (Macintosh; Intel Mac OS X 10_15_7) AppleWebKit/537.36 (KHTML, like Gecko) Chrome/90.0.4430.85 Safari/537.36"
::1 - - [29/Apr/2021:06:55:07 +0000] "GET /js/toggle_likes.js HTTP/1.1" 404 157 "http://localhost:8000/" "Mozilla/5.0 (Macintosh; Intel Mac OS X 10_15_7) AppleWebKit/537.36 (KHTML, like Gecko) Chrome/90.0.4430.85 Safari/537.36"
::1 - - [29/Apr/2021:06:55:07 +0000] "GET /js/chat_engine.js HTTP/1.1" 404 156 "http://localhost:8000/" "Mozilla/5.0 (Macintosh; Intel Mac OS X 10_15_7) AppleWebKit/537.36 (KHTML, like Gecko) Chrome/90.0.4430.85 Safari/537.36"
::1 - - [29/Apr/2021:06:55:24 +0000] "GET / HTTP/1.1" 304 - "-" "Mozilla/5.0 (Macintosh; Intel Mac OS X 10_15_7) AppleWebKit/537.36 (KHTML, like Gecko) Chrome/90.0.4430.85 Safari/537.36"
::1 - - [29/Apr/2021:06:55:24 +0000] "GET /css/home.css HTTP/1.1" 404 151 "http://localhost:8000/" "Mozilla/5.0 (Macintosh; Intel Mac OS X 10_15_7) AppleWebKit/537.36 (KHTML, like Gecko) Chrome/90.0.4430.85 Safari/537.36"
::1 - - [29/Apr/2021:06:55:24 +0000] "GET /css/chat_box.css HTTP/1.1" 404 155 "http://localhost:8000/" "Mozilla/5.0 (Macintosh; Intel Mac OS X 10_15_7) AppleWebKit/537.36 (KHTML, like Gecko) Chrome/90.0.4430.85 Safari/537.36"
::1 - - [29/Apr/2021:06:55:24 +0000] "GET /js/home_posts.js HTTP/1.1" 404 155 "http://localhost:8000/" "Mozilla/5.0 (Macintosh; Intel Mac OS X 10_15_7) AppleWebKit/537.36 (KHTML, like Gecko) Chrome/90.0.4430.85 Safari/537.36"
::1 - - [29/Apr/2021:06:55:24 +0000] "GET /js/toggle_likes.js HTTP/1.1" 404 157 "http://localhost:8000/" "Mozilla/5.0 (Macintosh; Intel Mac OS X 10_15_7) AppleWebKit/537.36 (KHTML, like Gecko) Chrome/90.0.4430.85 Safari/537.36"
::1 - - [29/Apr/2021:06:55:24 +0000] "GET /js/home_post_comments.js HTTP/1.1" 404 163 "http://localhost:8000/" "Mozilla/5.0 (Macintosh; Intel Mac OS X 10_15_7) AppleWebKit/537.36 (KHTML, like Gecko) Chrome/90.0.4430.85 Safari/537.36"
::1 - - [29/Apr/2021:06:55:24 +0000] "GET /js/chat_engine.js HTTP/1.1" 404 156 "http://localhost:8000/" "Mozilla/5.0 (Macintosh; Intel Mac OS X 10_15_7) AppleWebKit/537.36 (KHTML, like Gecko) Chrome/90.0.4430.85 Safari/537.36"
::1 - - [29/Apr/2021:06:56:12 +0000] "GET / HTTP/1.1" 200 3995 "-" "Mozilla/5.0 (Macintosh; Intel Mac OS X 10_15_7) AppleWebKit/537.36 (KHTML, like Gecko) Chrome/90.0.4430.85 Safari/537.36"
::1 - - [29/Apr/2021:06:56:12 +0000] "GET /undefined HTTP/1.1" 404 148 "http://localhost:8000/" "Mozilla/5.0 (Macintosh; Intel Mac OS X 10_15_7) AppleWebKit/537.36 (KHTML, like Gecko) Chrome/90.0.4430.85 Safari/537.36"
::1 - - [29/Apr/2021:06:56:12 +0000] "GET /undefined HTTP/1.1" 404 148 "http://localhost:8000/" "Mozilla/5.0 (Macintosh; Intel Mac OS X 10_15_7) AppleWebKit/537.36 (KHTML, like Gecko) Chrome/90.0.4430.85 Safari/537.36"
::1 - - [29/Apr/2021:06:56:12 +0000] "GET /undefined HTTP/1.1" 404 148 "http://localhost:8000/" "Mozilla/5.0 (Macintosh; Intel Mac OS X 10_15_7) AppleWebKit/537.36 (KHTML, like Gecko) Chrome/90.0.4430.85 Safari/537.36"
::1 - - [29/Apr/2021:06:56:12 +0000] "GET /undefined HTTP/1.1" 404 148 "http://localhost:8000/" "Mozilla/5.0 (Macintosh; Intel Mac OS X 10_15_7) AppleWebKit/537.36 (KHTML, like Gecko) Chrome/90.0.4430.85 Safari/537.36"
::1 - - [29/Apr/2021:06:56:18 +0000] "GET / HTTP/1.1" 304 - "-" "Mozilla/5.0 (Macintosh; Intel Mac OS X 10_15_7) AppleWebKit/537.36 (KHTML, like Gecko) Chrome/90.0.4430.85 Safari/537.36"
::1 - - [29/Apr/2021:06:56:18 +0000] "GET /undefined HTTP/1.1" 404 148 "http://localhost:8000/" "Mozilla/5.0 (Macintosh; Intel Mac OS X 10_15_7) AppleWebKit/537.36 (KHTML, like Gecko) Chrome/90.0.4430.85 Safari/537.36"
::1 - - [29/Apr/2021:06:56:18 +0000] "GET /undefined HTTP/1.1" 404 148 "http://localhost:8000/" "Mozilla/5.0 (Macintosh; Intel Mac OS X 10_15_7) AppleWebKit/537.36 (KHTML, like Gecko) Chrome/90.0.4430.85 Safari/537.36"
::1 - - [29/Apr/2021:06:56:18 +0000] "GET /undefined HTTP/1.1" 404 148 "http://localhost:8000/" "Mozilla/5.0 (Macintosh; Intel Mac OS X 10_15_7) AppleWebKit/537.36 (KHTML, like Gecko) Chrome/90.0.4430.85 Safari/537.36"
::1 - - [29/Apr/2021:06:56:18 +0000] "GET /undefined HTTP/1.1" 404 148 "http://localhost:8000/" "Mozilla/5.0 (Macintosh; Intel Mac OS X 10_15_7) AppleWebKit/537.36 (KHTML, like Gecko) Chrome/90.0.4430.85 Safari/537.36"
::1 - - [29/Apr/2021:06:58:07 +0000] "GET / HTTP/1.1" 304 - "-" "Mozilla/5.0 (Macintosh; Intel Mac OS X 10_15_7) AppleWebKit/537.36 (KHTML, like Gecko) Chrome/90.0.4430.85 Safari/537.36"
::1 - - [29/Apr/2021:06:58:07 +0000] "GET /undefined HTTP/1.1" 404 148 "http://localhost:8000/" "Mozilla/5.0 (Macintosh; Intel Mac OS X 10_15_7) AppleWebKit/537.36 (KHTML, like Gecko) Chrome/90.0.4430.85 Safari/537.36"
::1 - - [29/Apr/2021:06:58:07 +0000] "GET /undefined HTTP/1.1" 404 148 "http://localhost:8000/" "Mozilla/5.0 (Macintosh; Intel Mac OS X 10_15_7) AppleWebKit/537.36 (KHTML, like Gecko) Chrome/90.0.4430.85 Safari/537.36"
::1 - - [29/Apr/2021:06:58:07 +0000] "GET /undefined HTTP/1.1" 404 148 "http://localhost:8000/" "Mozilla/5.0 (Macintosh; Intel Mac OS X 10_15_7) AppleWebKit/537.36 (KHTML, like Gecko) Chrome/90.0.4430.85 Safari/537.36"
::1 - - [29/Apr/2021:06:58:07 +0000] "GET /undefined HTTP/1.1" 404 148 "http://localhost:8000/" "Mozilla/5.0 (Macintosh; Intel Mac OS X 10_15_7) AppleWebKit/537.36 (KHTML, like Gecko) Chrome/90.0.4430.85 Safari/537.36"
::1 - - [29/Apr/2021:06:58:33 +0000] "GET / HTTP/1.1" 304 - "-" "Mozilla/5.0 (Macintosh; Intel Mac OS X 10_15_7) AppleWebKit/537.36 (KHTML, like Gecko) Chrome/90.0.4430.85 Safari/537.36"
::1 - - [29/Apr/2021:06:58:33 +0000] "GET /undefined HTTP/1.1" 404 148 "http://localhost:8000/" "Mozilla/5.0 (Macintosh; Intel Mac OS X 10_15_7) AppleWebKit/537.36 (KHTML, like Gecko) Chrome/90.0.4430.85 Safari/537.36"
::1 - - [29/Apr/2021:06:58:33 +0000] "GET /undefined HTTP/1.1" 404 148 "http://localhost:8000/" "Mozilla/5.0 (Macintosh; Intel Mac OS X 10_15_7) AppleWebKit/537.36 (KHTML, like Gecko) Chrome/90.0.4430.85 Safari/537.36"
::1 - - [29/Apr/2021:06:58:33 +0000] "GET /undefined HTTP/1.1" 404 148 "http://localhost:8000/" "Mozilla/5.0 (Macintosh; Intel Mac OS X 10_15_7) AppleWebKit/537.36 (KHTML, like Gecko) Chrome/90.0.4430.85 Safari/537.36"
::1 - - [29/Apr/2021:06:58:33 +0000] "GET /undefined HTTP/1.1" 404 148 "http://localhost:8000/" "Mozilla/5.0 (Macintosh; Intel Mac OS X 10_15_7) AppleWebKit/537.36 (KHTML, like Gecko) Chrome/90.0.4430.85 Safari/537.36"
::1 - - [29/Apr/2021:06:59:04 +0000] "GET / HTTP/1.1" 200 3115 "-" "Mozilla/5.0 (Macintosh; Intel Mac OS X 10_15_7) AppleWebKit/537.36 (KHTML, like Gecko) Chrome/90.0.4430.85 Safari/537.36"
::1 - - [29/Apr/2021:06:59:04 +0000] "GET /undefined HTTP/1.1" 404 148 "http://localhost:8000/" "Mozilla/5.0 (Macintosh; Intel Mac OS X 10_15_7) AppleWebKit/537.36 (KHTML, like Gecko) Chrome/90.0.4430.85 Safari/537.36"
::1 - - [29/Apr/2021:06:59:04 +0000] "GET /undefined HTTP/1.1" 404 148 "http://localhost:8000/" "Mozilla/5.0 (Macintosh; Intel Mac OS X 10_15_7) AppleWebKit/537.36 (KHTML, like Gecko) Chrome/90.0.4430.85 Safari/537.36"
::1 - - [29/Apr/2021:06:59:04 +0000] "GET /undefined HTTP/1.1" 404 148 "http://localhost:8000/" "Mozilla/5.0 (Macintosh; Intel Mac OS X 10_15_7) AppleWebKit/537.36 (KHTML, like Gecko) Chrome/90.0.4430.85 Safari/537.36"
::1 - - [29/Apr/2021:06:59:04 +0000] "GET /undefined HTTP/1.1" 404 148 "http://localhost:8000/" "Mozilla/5.0 (Macintosh; Intel Mac OS X 10_15_7) AppleWebKit/537.36 (KHTML, like Gecko) Chrome/90.0.4430.85 Safari/537.36"
::1 - - [29/Apr/2021:06:59:07 +0000] "GET /users/sign-in HTTP/1.1" 200 2437 "http://localhost:8000/" "Mozilla/5.0 (Macintosh; Intel Mac OS X 10_15_7) AppleWebKit/537.36 (KHTML, like Gecko) Chrome/90.0.4430.85 Safari/537.36"
::1 - - [29/Apr/2021:06:59:07 +0000] "GET /css/forgot_password.css HTTP/1.1" 404 162 "http://localhost:8000/users/sign-in" "Mozilla/5.0 (Macintosh; Intel Mac OS X 10_15_7) AppleWebKit/537.36 (KHTML, like Gecko) Chrome/90.0.4430.85 Safari/537.36"
::1 - - [29/Apr/2021:06:59:07 +0000] "GET /undefined HTTP/1.1" 404 148 "http://localhost:8000/users/sign-in" "Mozilla/5.0 (Macintosh; Intel Mac OS X 10_15_7) AppleWebKit/537.36 (KHTML, like Gecko) Chrome/90.0.4430.85 Safari/537.36"
::1 - - [29/Apr/2021:06:59:13 +0000] "GET /users/sign-up HTTP/1.1" 200 2247 "http://localhost:8000/users/sign-in" "Mozilla/5.0 (Macintosh; Intel Mac OS X 10_15_7) AppleWebKit/537.36 (KHTML, like Gecko) Chrome/90.0.4430.85 Safari/537.36"
::1 - - [29/Apr/2021:06:59:22 +0000] "POST /users/create HTTP/1.1" 302 72 "http://localhost:8000/users/sign-up" "Mozilla/5.0 (Macintosh; Intel Mac OS X 10_15_7) AppleWebKit/537.36 (KHTML, like Gecko) Chrome/90.0.4430.85 Safari/537.36"
::1 - - [29/Apr/2021:06:59:22 +0000] "GET /users/sign-in HTTP/1.1" 304 - "http://localhost:8000/users/sign-up" "Mozilla/5.0 (Macintosh; Intel Mac OS X 10_15_7) AppleWebKit/537.36 (KHTML, like Gecko) Chrome/90.0.4430.85 Safari/537.36"
::1 - - [29/Apr/2021:06:59:22 +0000] "GET /undefined HTTP/1.1" 404 148 "http://localhost:8000/users/sign-in" "Mozilla/5.0 (Macintosh; Intel Mac OS X 10_15_7) AppleWebKit/537.36 (KHTML, like Gecko) Chrome/90.0.4430.85 Safari/537.36"
::1 - - [29/Apr/2021:06:59:22 +0000] "GET /css/forgot_password.css HTTP/1.1" 404 162 "http://localhost:8000/users/sign-in" "Mozilla/5.0 (Macintosh; Intel Mac OS X 10_15_7) AppleWebKit/537.36 (KHTML, like Gecko) Chrome/90.0.4430.85 Safari/537.36"
::1 - - [29/Apr/2021:06:59:27 +0000] "POST /users/create-session HTTP/1.1" 302 46 "http://localhost:8000/users/sign-in" "Mozilla/5.0 (Macintosh; Intel Mac OS X 10_15_7) AppleWebKit/537.36 (KHTML, like Gecko) Chrome/90.0.4430.85 Safari/537.36"
::1 - - [29/Apr/2021:06:59:27 +0000] "GET / HTTP/1.1" 200 4517 "http://localhost:8000/users/sign-in" "Mozilla/5.0 (Macintosh; Intel Mac OS X 10_15_7) AppleWebKit/537.36 (KHTML, like Gecko) Chrome/90.0.4430.85 Safari/537.36"
::1 - - [29/Apr/2021:06:59:27 +0000] "GET /undefined HTTP/1.1" 404 148 "http://localhost:8000/" "Mozilla/5.0 (Macintosh; Intel Mac OS X 10_15_7) AppleWebKit/537.36 (KHTML, like Gecko) Chrome/90.0.4430.85 Safari/537.36"
::1 - - [29/Apr/2021:06:59:27 +0000] "GET /undefined HTTP/1.1" 404 148 "http://localhost:8000/" "Mozilla/5.0 (Macintosh; Intel Mac OS X 10_15_7) AppleWebKit/537.36 (KHTML, like Gecko) Chrome/90.0.4430.85 Safari/537.36"
::1 - - [29/Apr/2021:06:59:27 +0000] "GET /undefined HTTP/1.1" 404 148 "http://localhost:8000/" "Mozilla/5.0 (Macintosh; Intel Mac OS X 10_15_7) AppleWebKit/537.36 (KHTML, like Gecko) Chrome/90.0.4430.85 Safari/537.36"
::1 - - [29/Apr/2021:06:59:27 +0000] "GET /undefined HTTP/1.1" 404 148 "http://localhost:8000/" "Mozilla/5.0 (Macintosh; Intel Mac OS X 10_15_7) AppleWebKit/537.36 (KHTML, like Gecko) Chrome/90.0.4430.85 Safari/537.36"
::1 - - [29/Apr/2021:12:49:18 +0000] "GET / HTTP/1.1" 200 3414 "-" "Mozilla/5.0 (Macintosh; Intel Mac OS X 10_15_7) AppleWebKit/537.36 (KHTML, like Gecko) Chrome/90.0.4430.85 Safari/537.36"
::1 - - [29/Apr/2021:12:49:20 +0000] "GET /users/sign-in HTTP/1.1" 200 2460 "http://localhost:8000/" "Mozilla/5.0 (Macintosh; Intel Mac OS X 10_15_7) AppleWebKit/537.36 (KHTML, like Gecko) Chrome/90.0.4430.85 Safari/537.36"
::1 - - [29/Apr/2021:12:49:20 +0000] "GET /css/forgot_password.css HTTP/1.1" 404 162 "http://localhost:8000/users/sign-in" "Mozilla/5.0 (Macintosh; Intel Mac OS X 10_15_7) AppleWebKit/537.36 (KHTML, like Gecko) Chrome/90.0.4430.85 Safari/537.36"
::1 - - [29/Apr/2021:12:49:23 +0000] "GET /users/auth/google HTTP/1.1" 302 0 "http://localhost:8000/users/sign-in" "Mozilla/5.0 (Macintosh; Intel Mac OS X 10_15_7) AppleWebKit/537.36 (KHTML, like Gecko) Chrome/90.0.4430.85 Safari/537.36"
::1 - - [29/Apr/2021:12:49:26 +0000] "GET /css/forgot_password.css HTTP/1.1" 404 162 "http://localhost:8000/users/sign-in" "Mozilla/5.0 (Macintosh; Intel Mac OS X 10_15_7) AppleWebKit/537.36 (KHTML, like Gecko) Chrome/90.0.4430.85 Safari/537.36"
::1 - - [29/Apr/2021:12:49:34 +0000] "GET /users/auth/google HTTP/1.1" 302 0 "http://localhost:8000/users/sign-in" "Mozilla/5.0 (Macintosh; Intel Mac OS X 10_15_7) AppleWebKit/537.36 (KHTML, like Gecko) Chrome/90.0.4430.85 Safari/537.36"
::1 - - [29/Apr/2021:12:52:16 +0000] "GET / HTTP/1.1" 304 - "-" "Mozilla/5.0 (Macintosh; Intel Mac OS X 10_15_7) AppleWebKit/537.36 (KHTML, like Gecko) Chrome/90.0.4430.85 Safari/537.36"
::1 - - [29/Apr/2021:12:52:18 +0000] "GET /users/sign-in HTTP/1.1" 304 - "http://localhost:8000/" "Mozilla/5.0 (Macintosh; Intel Mac OS X 10_15_7) AppleWebKit/537.36 (KHTML, like Gecko) Chrome/90.0.4430.85 Safari/537.36"
::1 - - [29/Apr/2021:12:52:18 +0000] "GET /css/forgot_password.css HTTP/1.1" 404 162 "http://localhost:8000/users/sign-in" "Mozilla/5.0 (Macintosh; Intel Mac OS X 10_15_7) AppleWebKit/537.36 (KHTML, like Gecko) Chrome/90.0.4430.85 Safari/537.36"
::1 - - [29/Apr/2021:12:52:22 +0000] "POST /users/create-session HTTP/1.1" 302 46 "http://localhost:8000/users/sign-in" "Mozilla/5.0 (Macintosh; Intel Mac OS X 10_15_7) AppleWebKit/537.36 (KHTML, like Gecko) Chrome/90.0.4430.85 Safari/537.36"
::1 - - [29/Apr/2021:12:52:22 +0000] "GET / HTTP/1.1" 200 4585 "http://localhost:8000/users/sign-in" "Mozilla/5.0 (Macintosh; Intel Mac OS X 10_15_7) AppleWebKit/537.36 (KHTML, like Gecko) Chrome/90.0.4430.85 Safari/537.36"
::1 - - [29/Apr/2021:12:52:55 +0000] "GET / HTTP/1.1" 200 4294 "-" "Mozilla/5.0 (Macintosh; Intel Mac OS X 10_15_7) AppleWebKit/537.36 (KHTML, like Gecko) Chrome/90.0.4430.85 Safari/537.36"
::1 - - [28/May/2021:05:20:00 +0000] "GET / HTTP/1.1" 200 3414 "-" "Mozilla/5.0 (Macintosh; Intel Mac OS X 10_15_7) AppleWebKit/537.36 (KHTML, like Gecko) Chrome/90.0.4430.212 Safari/537.36"
::1 - - [28/May/2021:05:20:00 +0000] "GET /favicon.ico HTTP/1.1" 404 150 "http://localhost:8000/" "Mozilla/5.0 (Macintosh; Intel Mac OS X 10_15_7) AppleWebKit/537.36 (KHTML, like Gecko) Chrome/90.0.4430.212 Safari/537.36"
::1 - - [28/May/2021:05:20:05 +0000] "GET /users/sign-in HTTP/1.1" 200 2460 "http://localhost:8000/" "Mozilla/5.0 (Macintosh; Intel Mac OS X 10_15_7) AppleWebKit/537.36 (KHTML, like Gecko) Chrome/90.0.4430.212 Safari/537.36"
::1 - - [28/May/2021:05:20:05 +0000] "GET /css/forgot_password.css HTTP/1.1" 404 162 "http://localhost:8000/users/sign-in" "Mozilla/5.0 (Macintosh; Intel Mac OS X 10_15_7) AppleWebKit/537.36 (KHTML, like Gecko) Chrome/90.0.4430.212 Safari/537.36"
::1 - - [28/May/2021:05:20:10 +0000] "POST /users/create-session HTTP/1.1" 302 46 "http://localhost:8000/users/sign-in" "Mozilla/5.0 (Macintosh; Intel Mac OS X 10_15_7) AppleWebKit/537.36 (KHTML, like Gecko) Chrome/90.0.4430.212 Safari/537.36"
::1 - - [28/May/2021:05:20:10 +0000] "GET / HTTP/1.1" 200 4585 "http://localhost:8000/users/sign-in" "Mozilla/5.0 (Macintosh; Intel Mac OS X 10_15_7) AppleWebKit/537.36 (KHTML, like Gecko) Chrome/90.0.4430.212 Safari/537.36"
::1 - - [28/May/2021:05:20:14 +0000] "POST /posts/create HTTP/1.1" 200 270 "http://localhost:8000/" "Mozilla/5.0 (Macintosh; Intel Mac OS X 10_15_7) AppleWebKit/537.36 (KHTML, like Gecko) Chrome/90.0.4430.212 Safari/537.36"
::1 - - [28/May/2021:05:20:19 +0000] "POST /comments/create HTTP/1.1" 200 327 "http://localhost:8000/" "Mozilla/5.0 (Macintosh; Intel Mac OS X 10_15_7) AppleWebKit/537.36 (KHTML, like Gecko) Chrome/90.0.4430.212 Safari/537.36"
::1 - - [28/May/2021:05:24:19 +0000] "POST /comments/create HTTP/1.1" 200 327 "http://localhost:8000/" "Mozilla/5.0 (Macintosh; Intel Mac OS X 10_15_7) AppleWebKit/537.36 (KHTML, like Gecko) Chrome/90.0.4430.212 Safari/537.36"
